{"/Users/michaelcorrigan/Code/photo_salon/apps/server/src/app.ts": {"path":"/Users/michaelcorrigan/Code/photo_salon/apps/server/src/app.ts","statementMap":{"0":{"start":{"line":19,"column":8},"end":{"line":19,"column":null}},"1":{"start":{"line":21,"column":18},"end":{"line":39,"column":null}},"2":{"start":{"line":30,"column":26},"end":{"line":30,"column":null}},"3":{"start":{"line":36,"column":8},"end":{"line":36,"column":null}},"4":{"start":{"line":41,"column":25},"end":{"line":61,"column":null}},"5":{"start":{"line":58,"column":8},"end":{"line":58,"column":null}},"6":{"start":{"line":63,"column":14},"end":{"line":63,"column":null}},"7":{"start":{"line":65,"column":2},"end":{"line":75,"column":null}},"8":{"start":{"line":77,"column":2},"end":{"line":77,"column":null}},"9":{"start":{"line":77,"column":22},"end":{"line":77,"column":47}},"10":{"start":{"line":79,"column":2},"end":{"line":87,"column":null}},"11":{"start":{"line":80,"column":17},"end":{"line":80,"column":null}},"12":{"start":{"line":81,"column":4},"end":{"line":86,"column":null}},"13":{"start":{"line":82,"column":6},"end":{"line":82,"column":null}},"14":{"start":{"line":84,"column":6},"end":{"line":84,"column":null}},"15":{"start":{"line":85,"column":6},"end":{"line":85,"column":null}},"16":{"start":{"line":89,"column":2},"end":{"line":103,"column":null}},"17":{"start":{"line":90,"column":22},"end":{"line":90,"column":null}},"18":{"start":{"line":91,"column":19},"end":{"line":91,"column":null}},"19":{"start":{"line":93,"column":34},"end":{"line":96,"column":null}},"20":{"start":{"line":98,"column":4},"end":{"line":100,"column":null}},"21":{"start":{"line":99,"column":6},"end":{"line":99,"column":null}},"22":{"start":{"line":102,"column":4},"end":{"line":102,"column":null}},"23":{"start":{"line":105,"column":2},"end":{"line":119,"column":null}},"24":{"start":{"line":106,"column":22},"end":{"line":106,"column":null}},"25":{"start":{"line":107,"column":19},"end":{"line":107,"column":null}},"26":{"start":{"line":109,"column":34},"end":{"line":112,"column":null}},"27":{"start":{"line":114,"column":4},"end":{"line":116,"column":null}},"28":{"start":{"line":115,"column":6},"end":{"line":115,"column":null}},"29":{"start":{"line":118,"column":4},"end":{"line":118,"column":null}},"30":{"start":{"line":121,"column":2},"end":{"line":121,"column":null}}},"fnMap":{"0":{"name":"createApp","decl":{"start":{"line":18,"column":16},"end":{"line":18,"column":28}},"loc":{"start":{"line":18,"column":28},"end":{"line":122,"column":null}},"line":18},"1":{"name":"(anonymous_1)","decl":{"start":{"line":30,"column":20},"end":{"line":30,"column":26}},"loc":{"start":{"line":30,"column":26},"end":{"line":30,"column":null}},"line":30},"2":{"name":"(anonymous_2)","decl":{"start":{"line":35,"column":14},"end":{"line":35,"column":15}},"loc":{"start":{"line":35,"column":25},"end":{"line":37,"column":7}},"line":35},"3":{"name":"(anonymous_3)","decl":{"start":{"line":57,"column":14},"end":{"line":57,"column":15}},"loc":{"start":{"line":57,"column":25},"end":{"line":59,"column":7}},"line":57},"4":{"name":"(anonymous_4)","decl":{"start":{"line":77,"column":15},"end":{"line":77,"column":16}},"loc":{"start":{"line":77,"column":22},"end":{"line":77,"column":47}},"line":77},"5":{"name":"(anonymous_5)","decl":{"start":{"line":79,"column":41},"end":{"line":79,"column":42}},"loc":{"start":{"line":79,"column":48},"end":{"line":87,"column":3}},"line":79},"6":{"name":"(anonymous_6)","decl":{"start":{"line":89,"column":20},"end":{"line":89,"column":27}},"loc":{"start":{"line":89,"column":39},"end":{"line":103,"column":3}},"line":89},"7":{"name":"(anonymous_7)","decl":{"start":{"line":105,"column":20},"end":{"line":105,"column":27}},"loc":{"start":{"line":105,"column":39},"end":{"line":119,"column":3}},"line":105}},"branchMap":{"0":{"loc":{"start":{"line":98,"column":4},"end":{"line":100,"column":null}},"type":"if","locations":[{"start":{"line":98,"column":4},"end":{"line":100,"column":null}},{"start":{},"end":{}}],"line":98},"1":{"loc":{"start":{"line":114,"column":4},"end":{"line":116,"column":null}},"type":"if","locations":[{"start":{"line":114,"column":4},"end":{"line":116,"column":null}},{"start":{},"end":{}}],"line":114}},"s":{"0":0,"1":0,"2":0,"3":0,"4":0,"5":0,"6":0,"7":0,"8":0,"9":0,"10":0,"11":0,"12":0,"13":0,"14":0,"15":0,"16":0,"17":0,"18":0,"19":0,"20":0,"21":0,"22":0,"23":0,"24":0,"25":0,"26":0,"27":0,"28":0,"29":0,"30":0},"f":{"0":0,"1":0,"2":0,"3":0,"4":0,"5":0,"6":0,"7":0},"b":{"0":[0,0],"1":[0,0]},"meta":{"lastBranch":2,"lastFunction":8,"lastStatement":31,"seen":{"f:18:16:18:28":0,"s:19:8:19:Infinity":0,"s:21:18:39:Infinity":1,"f:30:20:30:26":1,"s:30:26:30:Infinity":2,"f:35:14:35:15":2,"s:36:8:36:Infinity":3,"s:41:25:61:Infinity":4,"f:57:14:57:15":3,"s:58:8:58:Infinity":5,"s:63:14:63:Infinity":6,"s:65:2:75:Infinity":7,"s:77:2:77:Infinity":8,"f:77:15:77:16":4,"s:77:22:77:47":9,"s:79:2:87:Infinity":10,"f:79:41:79:42":5,"s:80:17:80:Infinity":11,"s:81:4:86:Infinity":12,"s:82:6:82:Infinity":13,"s:84:6:84:Infinity":14,"s:85:6:85:Infinity":15,"s:89:2:103:Infinity":16,"f:89:20:89:27":6,"s:90:22:90:Infinity":17,"s:91:19:91:Infinity":18,"s:93:34:96:Infinity":19,"b:98:4:100:Infinity:undefined:undefined:undefined:undefined":0,"s:98:4:100:Infinity":20,"s:99:6:99:Infinity":21,"s:102:4:102:Infinity":22,"s:105:2:119:Infinity":23,"f:105:20:105:27":7,"s:106:22:106:Infinity":24,"s:107:19:107:Infinity":25,"s:109:34:112:Infinity":26,"b:114:4:116:Infinity:undefined:undefined:undefined:undefined":1,"s:114:4:116:Infinity":27,"s:115:6:115:Infinity":28,"s:118:4:118:Infinity":29,"s:121:2:121:Infinity":30}}}
,"/Users/michaelcorrigan/Code/photo_salon/apps/server/src/index.ts": {"path":"/Users/michaelcorrigan/Code/photo_salon/apps/server/src/index.ts","statementMap":{"0":{"start":{"line":9,"column":6},"end":{"line":9,"column":null}},"1":{"start":{"line":10,"column":6},"end":{"line":10,"column":null}},"2":{"start":{"line":12,"column":6},"end":{"line":20,"column":null}},"3":{"start":{"line":18,"column":4},"end":{"line":18,"column":null}},"4":{"start":{"line":22,"column":0},"end":{"line":25,"column":null}},"5":{"start":{"line":23,"column":2},"end":{"line":23,"column":null}},"6":{"start":{"line":24,"column":2},"end":{"line":24,"column":null}},"7":{"start":{"line":26,"column":0},"end":{"line":29,"column":null}},"8":{"start":{"line":27,"column":2},"end":{"line":27,"column":null}},"9":{"start":{"line":28,"column":2},"end":{"line":28,"column":null}}},"fnMap":{"0":{"name":"(anonymous_0)","decl":{"start":{"line":17,"column":2},"end":{"line":17,"column":8}},"loc":{"start":{"line":17,"column":8},"end":{"line":19,"column":null}},"line":17},"1":{"name":"(anonymous_1)","decl":{"start":{"line":22,"column":21},"end":{"line":22,"column":27}},"loc":{"start":{"line":22,"column":27},"end":{"line":25,"column":1}},"line":22},"2":{"name":"(anonymous_2)","decl":{"start":{"line":26,"column":22},"end":{"line":26,"column":28}},"loc":{"start":{"line":26,"column":28},"end":{"line":29,"column":1}},"line":26}},"branchMap":{},"s":{"0":0,"1":0,"2":0,"3":0,"4":0,"5":0,"6":0,"7":0,"8":0,"9":0},"f":{"0":0,"1":0,"2":0},"b":{},"meta":{"lastBranch":0,"lastFunction":3,"lastStatement":10,"seen":{"s:9:6:9:Infinity":0,"s:10:6:10:Infinity":1,"s:12:6:20:Infinity":2,"f:17:2:17:8":0,"s:18:4:18:Infinity":3,"s:22:0:25:Infinity":4,"f:22:21:22:27":1,"s:23:2:23:Infinity":5,"s:24:2:24:Infinity":6,"s:26:0:29:Infinity":7,"f:26:22:26:28":2,"s:27:2:27:Infinity":8,"s:28:2:28:Infinity":9}}}
,"/Users/michaelcorrigan/Code/photo_salon/apps/server/src/controllers/member-controller.ts": {"path":"/Users/michaelcorrigan/Code/photo_salon/apps/server/src/controllers/member-controller.ts","statementMap":{"0":{"start":{"line":8,"column":2},"end":{"line":20,"column":null}},"1":{"start":{"line":24,"column":16},"end":{"line":24,"column":null}},"2":{"start":{"line":25,"column":2},"end":{"line":25,"column":null}},"3":{"start":{"line":25,"column":14},"end":{"line":25,"column":null}},"4":{"start":{"line":26,"column":2},"end":{"line":26,"column":null}},"5":{"start":{"line":31,"column":18},"end":{"line":31,"column":null}},"6":{"start":{"line":32,"column":20},"end":{"line":32,"column":null}},"7":{"start":{"line":33,"column":4},"end":{"line":33,"column":null}},"8":{"start":{"line":41,"column":18},"end":{"line":41,"column":null}},"9":{"start":{"line":42,"column":19},"end":{"line":42,"column":null}},"10":{"start":{"line":43,"column":4},"end":{"line":43,"column":null}},"11":{"start":{"line":51,"column":19},"end":{"line":51,"column":null}},"12":{"start":{"line":52,"column":4},"end":{"line":52,"column":null}},"13":{"start":{"line":60,"column":4},"end":{"line":60,"column":null}},"14":{"start":{"line":61,"column":4},"end":{"line":61,"column":null}},"15":{"start":{"line":65,"column":32},"end":{"line":65,"column":null}}},"fnMap":{"0":{"name":"toDto","decl":{"start":{"line":7,"column":9},"end":{"line":7,"column":15}},"loc":{"start":{"line":7,"column":48},"end":{"line":21,"column":null}},"line":7},"1":{"name":"requireActiveOrg","decl":{"start":{"line":23,"column":9},"end":{"line":23,"column":26}},"loc":{"start":{"line":23,"column":52},"end":{"line":27,"column":null}},"line":23},"2":{"name":"(anonymous_2)","decl":{"start":{"line":30,"column":8},"end":{"line":30,"column":20}},"loc":{"start":{"line":30,"column":79},"end":{"line":34,"column":null}},"line":30},"3":{"name":"(anonymous_3)","decl":{"start":{"line":36,"column":8},"end":{"line":36,"column":null}},"loc":{"start":{"line":40,"column":24},"end":{"line":44,"column":null}},"line":40},"4":{"name":"(anonymous_4)","decl":{"start":{"line":46,"column":8},"end":{"line":46,"column":null}},"loc":{"start":{"line":50,"column":24},"end":{"line":53,"column":null}},"line":50},"5":{"name":"(anonymous_5)","decl":{"start":{"line":55,"column":8},"end":{"line":55,"column":null}},"loc":{"start":{"line":59,"column":35},"end":{"line":62,"column":null}},"line":59}},"branchMap":{"0":{"loc":{"start":{"line":25,"column":2},"end":{"line":25,"column":null}},"type":"if","locations":[{"start":{"line":25,"column":2},"end":{"line":25,"column":null}},{"start":{},"end":{}}],"line":25}},"s":{"0":0,"1":0,"2":0,"3":0,"4":0,"5":0,"6":0,"7":0,"8":0,"9":0,"10":0,"11":0,"12":0,"13":0,"14":0,"15":0},"f":{"0":0,"1":0,"2":0,"3":0,"4":0,"5":0},"b":{"0":[0,0]},"meta":{"lastBranch":1,"lastFunction":6,"lastStatement":16,"seen":{"f:7:9:7:15":0,"s:8:2:20:Infinity":0,"f:23:9:23:26":1,"s:24:16:24:Infinity":1,"b:25:2:25:Infinity:undefined:undefined:undefined:undefined":0,"s:25:2:25:Infinity":2,"s:25:14:25:Infinity":3,"s:26:2:26:Infinity":4,"f:30:8:30:20":2,"s:31:18:31:Infinity":5,"s:32:20:32:Infinity":6,"s:33:4:33:Infinity":7,"f:36:8:36:Infinity":3,"s:41:18:41:Infinity":8,"s:42:19:42:Infinity":9,"s:43:4:43:Infinity":10,"f:46:8:46:Infinity":4,"s:51:19:51:Infinity":11,"s:52:4:52:Infinity":12,"f:55:8:55:Infinity":5,"s:60:4:60:Infinity":13,"s:61:4:61:Infinity":14,"s:65:32:65:Infinity":15}}}
,"/Users/michaelcorrigan/Code/photo_salon/apps/server/src/controllers/user-controller.ts": {"path":"/Users/michaelcorrigan/Code/photo_salon/apps/server/src/controllers/user-controller.ts","statementMap":{"0":{"start":{"line":7,"column":42},"end":{"line":7,"column":null}},"1":{"start":{"line":8,"column":4},"end":{"line":10,"column":null}},"2":{"start":{"line":9,"column":6},"end":{"line":9,"column":null}},"3":{"start":{"line":11,"column":4},"end":{"line":24,"column":null}},"4":{"start":{"line":28,"column":30},"end":{"line":28,"column":null}}},"fnMap":{"0":{"name":"(anonymous_0)","decl":{"start":{"line":6,"column":8},"end":{"line":6,"column":20}},"loc":{"start":{"line":6,"column":89},"end":{"line":25,"column":null}},"line":6}},"branchMap":{"0":{"loc":{"start":{"line":8,"column":4},"end":{"line":10,"column":null}},"type":"if","locations":[{"start":{"line":8,"column":4},"end":{"line":10,"column":null}},{"start":{},"end":{}}],"line":8},"1":{"loc":{"start":{"line":8,"column":8},"end":{"line":8,"column":39}},"type":"binary-expr","locations":[{"start":{"line":8,"column":8},"end":{"line":8,"column":23}},{"start":{"line":8,"column":23},"end":{"line":8,"column":39}}],"line":8},"2":{"loc":{"start":{"line":21,"column":19},"end":{"line":21,"column":null}},"type":"binary-expr","locations":[{"start":{"line":21,"column":19},"end":{"line":21,"column":46}},{"start":{"line":21,"column":46},"end":{"line":21,"column":null}}],"line":21},"3":{"loc":{"start":{"line":22,"column":19},"end":{"line":22,"column":null}},"type":"binary-expr","locations":[{"start":{"line":22,"column":19},"end":{"line":22,"column":46}},{"start":{"line":22,"column":46},"end":{"line":22,"column":null}}],"line":22}},"s":{"0":0,"1":0,"2":0,"3":0,"4":0},"f":{"0":0},"b":{"0":[0,0],"1":[0,0],"2":[0,0],"3":[0,0]},"meta":{"lastBranch":4,"lastFunction":1,"lastStatement":5,"seen":{"f:6:8:6:20":0,"s:7:42:7:Infinity":0,"b:8:4:10:Infinity:undefined:undefined:undefined:undefined":0,"s:8:4:10:Infinity":1,"b:8:8:8:23:8:23:8:39":1,"s:9:6:9:Infinity":2,"s:11:4:24:Infinity":3,"b:21:19:21:46:21:46:21:Infinity":2,"b:22:19:22:46:22:46:22:Infinity":3,"s:28:30:28:Infinity":4}}}
,"/Users/michaelcorrigan/Code/photo_salon/apps/server/src/domain/domain.ts": {"path":"/Users/michaelcorrigan/Code/photo_salon/apps/server/src/domain/domain.ts","statementMap":{"0":{"start":{"line":7,"column":7},"end":{"line":13,"column":null}},"1":{"start":{"line":9,"column":32},"end":{"line":9,"column":null}},"2":{"start":{"line":10,"column":33},"end":{"line":10,"column":null}},"3":{"start":{"line":11,"column":34},"end":{"line":11,"column":null}},"4":{"start":{"line":7,"column":13},"end":{"line":7,"column":23}}},"fnMap":{"0":{"name":"(anonymous_0)","decl":{"start":{"line":8,"column":2},"end":{"line":8,"column":null}},"loc":{"start":{"line":12,"column":4},"end":{"line":12,"column":null}},"line":12}},"branchMap":{},"s":{"0":0,"1":0,"2":0,"3":0,"4":0},"f":{"0":0},"b":{},"meta":{"lastBranch":0,"lastFunction":1,"lastStatement":5,"seen":{"s:7:7:13:Infinity":0,"f:8:2:8:Infinity":0,"s:9:32:9:Infinity":1,"s:10:33:10:Infinity":2,"s:11:34:11:Infinity":3,"s:7:13:7:23":4}}}
,"/Users/michaelcorrigan/Code/photo_salon/apps/server/src/domain/email/email-service.ts": {"path":"/Users/michaelcorrigan/Code/photo_salon/apps/server/src/domain/email/email-service.ts","statementMap":{"0":{"start":{"line":15,"column":7},"end":{"line":34,"column":null}},"1":{"start":{"line":16,"column":46},"end":{"line":16,"column":70}},"2":{"start":{"line":19,"column":10},"end":{"line":19,"column":null}},"3":{"start":{"line":20,"column":4},"end":{"line":24,"column":null}},"4":{"start":{"line":21,"column":6},"end":{"line":21,"column":null}},"5":{"start":{"line":22,"column":6},"end":{"line":22,"column":null}},"6":{"start":{"line":23,"column":6},"end":{"line":23,"column":null}},"7":{"start":{"line":26,"column":4},"end":{"line":32,"column":null}},"8":{"start":{"line":15,"column":13},"end":{"line":15,"column":26}}},"fnMap":{"0":{"name":"(anonymous_0)","decl":{"start":{"line":16,"column":2},"end":{"line":16,"column":15}},"loc":{"start":{"line":16,"column":70},"end":{"line":16,"column":null}},"line":16},"1":{"name":"(anonymous_1)","decl":{"start":{"line":18,"column":8},"end":{"line":18,"column":13}},"loc":{"start":{"line":18,"column":72},"end":{"line":33,"column":null}},"line":18}},"branchMap":{"0":{"loc":{"start":{"line":20,"column":4},"end":{"line":24,"column":null}},"type":"if","locations":[{"start":{"line":20,"column":4},"end":{"line":24,"column":null}},{"start":{},"end":{}}],"line":20}},"s":{"0":0,"1":0,"2":0,"3":0,"4":0,"5":0,"6":0,"7":0,"8":0},"f":{"0":0,"1":0},"b":{"0":[0,0]},"meta":{"lastBranch":1,"lastFunction":2,"lastStatement":9,"seen":{"s:15:7:34:Infinity":0,"f:16:2:16:15":0,"s:16:46:16:70":1,"f:18:8:18:13":1,"s:19:10:19:Infinity":2,"b:20:4:24:Infinity:undefined:undefined:undefined:undefined":0,"s:20:4:24:Infinity":3,"s:21:6:21:Infinity":4,"s:22:6:22:Infinity":5,"s:23:6:23:Infinity":6,"s:26:4:32:Infinity":7,"s:15:13:15:26":8}}}
,"/Users/michaelcorrigan/Code/photo_salon/apps/server/src/domain/members/member-entity.ts": {"path":"/Users/michaelcorrigan/Code/photo_salon/apps/server/src/domain/members/member-entity.ts","statementMap":{"0":{"start":{"line":9,"column":20},"end":{"line":9,"column":null}},"1":{"start":{"line":10,"column":20},"end":{"line":10,"column":null}},"2":{"start":{"line":11,"column":20},"end":{"line":11,"column":null}},"3":{"start":{"line":12,"column":20},"end":{"line":12,"column":null}},"4":{"start":{"line":13,"column":20},"end":{"line":13,"column":null}},"5":{"start":{"line":14,"column":20},"end":{"line":14,"column":null}},"6":{"start":{"line":15,"column":20},"end":{"line":15,"column":null}},"7":{"start":{"line":29,"column":4},"end":{"line":37,"column":null}},"8":{"start":{"line":41,"column":4},"end":{"line":53,"column":null}},"9":{"start":{"line":57,"column":4},"end":{"line":65,"column":null}}},"fnMap":{"0":{"name":"(anonymous_0)","decl":{"start":{"line":8,"column":10},"end":{"line":8,"column":null}},"loc":{"start":{"line":20,"column":4},"end":{"line":20,"column":null}},"line":20},"1":{"name":"(anonymous_1)","decl":{"start":{"line":22,"column":9},"end":{"line":22,"column":16}},"loc":{"start":{"line":28,"column":19},"end":{"line":38,"column":null}},"line":28},"2":{"name":"(anonymous_2)","decl":{"start":{"line":40,"column":9},"end":{"line":40,"column":20}},"loc":{"start":{"line":40,"column":84},"end":{"line":54,"column":null}},"line":40},"3":{"name":"(anonymous_3)","decl":{"start":{"line":56,"column":2},"end":{"line":56,"column":7}},"loc":{"start":{"line":56,"column":78},"end":{"line":66,"column":null}},"line":56}},"branchMap":{"0":{"loc":{"start":{"line":45,"column":6},"end":{"line":45,"column":null}},"type":"binary-expr","locations":[{"start":{"line":45,"column":6},"end":{"line":45,"column":34}},{"start":{"line":45,"column":34},"end":{"line":45,"column":null}}],"line":45},"1":{"loc":{"start":{"line":61,"column":6},"end":{"line":61,"column":null}},"type":"cond-expr","locations":[{"start":{"line":61,"column":42},"end":{"line":61,"column":64}},{"start":{"line":61,"column":64},"end":{"line":61,"column":null}}],"line":61},"2":{"loc":{"start":{"line":62,"column":6},"end":{"line":62,"column":null}},"type":"binary-expr","locations":[{"start":{"line":62,"column":6},"end":{"line":62,"column":21}},{"start":{"line":62,"column":21},"end":{"line":62,"column":null}}],"line":62}},"s":{"0":0,"1":0,"2":0,"3":0,"4":0,"5":0,"6":0,"7":0,"8":0,"9":0},"f":{"0":0,"1":0,"2":0,"3":0},"b":{"0":[0,0],"1":[0,0],"2":[0,0]},"meta":{"lastBranch":3,"lastFunction":4,"lastStatement":10,"seen":{"f:8:10:8:Infinity":0,"s:9:20:9:Infinity":0,"s:10:20:10:Infinity":1,"s:11:20:11:Infinity":2,"s:12:20:12:Infinity":3,"s:13:20:13:Infinity":4,"s:14:20:14:Infinity":5,"s:15:20:15:Infinity":6,"f:22:9:22:16":1,"s:29:4:37:Infinity":7,"f:40:9:40:20":2,"s:41:4:53:Infinity":8,"b:45:6:45:34:45:34:45:Infinity":0,"f:56:2:56:7":3,"s:57:4:65:Infinity":9,"b:61:42:61:64:61:64:61:Infinity":1,"b:62:6:62:21:62:21:62:Infinity":2}}}
,"/Users/michaelcorrigan/Code/photo_salon/apps/server/src/domain/members/member-repository.ts": {"path":"/Users/michaelcorrigan/Code/photo_salon/apps/server/src/domain/members/member-repository.ts","statementMap":{"0":{"start":{"line":11,"column":7},"end":{"line":79,"column":null}},"1":{"start":{"line":12,"column":40},"end":{"line":12,"column":54}},"2":{"start":{"line":15,"column":17},"end":{"line":19,"column":null}},"3":{"start":{"line":21,"column":4},"end":{"line":21,"column":null}},"4":{"start":{"line":21,"column":29},"end":{"line":21,"column":96}},"5":{"start":{"line":25,"column":17},"end":{"line":30,"column":null}},"6":{"start":{"line":32,"column":4},"end":{"line":32,"column":null}},"7":{"start":{"line":32,"column":27},"end":{"line":32,"column":null}},"8":{"start":{"line":33,"column":4},"end":{"line":33,"column":null}},"9":{"start":{"line":41,"column":17},"end":{"line":46,"column":null}},"10":{"start":{"line":48,"column":4},"end":{"line":48,"column":null}},"11":{"start":{"line":48,"column":27},"end":{"line":48,"column":null}},"12":{"start":{"line":49,"column":4},"end":{"line":49,"column":null}},"13":{"start":{"line":53,"column":4},"end":{"line":69,"column":null}},"14":{"start":{"line":71,"column":18},"end":{"line":71,"column":null}},"15":{"start":{"line":72,"column":4},"end":{"line":72,"column":null}},"16":{"start":{"line":72,"column":16},"end":{"line":72,"column":null}},"17":{"start":{"line":73,"column":4},"end":{"line":73,"column":null}},"18":{"start":{"line":77,"column":4},"end":{"line":77,"column":null}},"19":{"start":{"line":11,"column":13},"end":{"line":11,"column":30}}},"fnMap":{"0":{"name":"(anonymous_0)","decl":{"start":{"line":12,"column":2},"end":{"line":12,"column":15}},"loc":{"start":{"line":12,"column":54},"end":{"line":12,"column":null}},"line":12},"1":{"name":"(anonymous_1)","decl":{"start":{"line":14,"column":8},"end":{"line":14,"column":27}},"loc":{"start":{"line":14,"column":95},"end":{"line":22,"column":null}},"line":14},"2":{"name":"(anonymous_2)","decl":{"start":{"line":21,"column":20},"end":{"line":21,"column":21}},"loc":{"start":{"line":21,"column":29},"end":{"line":21,"column":96}},"line":21},"3":{"name":"(anonymous_3)","decl":{"start":{"line":24,"column":8},"end":{"line":24,"column":17}},"loc":{"start":{"line":24,"column":84},"end":{"line":34,"column":null}},"line":24},"4":{"name":"(anonymous_4)","decl":{"start":{"line":36,"column":8},"end":{"line":36,"column":null}},"loc":{"start":{"line":40,"column":34},"end":{"line":50,"column":null}},"line":40},"5":{"name":"(anonymous_5)","decl":{"start":{"line":52,"column":8},"end":{"line":52,"column":13}},"loc":{"start":{"line":52,"column":77},"end":{"line":74,"column":null}},"line":52},"6":{"name":"(anonymous_6)","decl":{"start":{"line":76,"column":8},"end":{"line":76,"column":15}},"loc":{"start":{"line":76,"column":71},"end":{"line":78,"column":null}},"line":76}},"branchMap":{"0":{"loc":{"start":{"line":32,"column":4},"end":{"line":32,"column":null}},"type":"if","locations":[{"start":{"line":32,"column":4},"end":{"line":32,"column":null}},{"start":{},"end":{}}],"line":32},"1":{"loc":{"start":{"line":48,"column":4},"end":{"line":48,"column":null}},"type":"if","locations":[{"start":{"line":48,"column":4},"end":{"line":48,"column":null}},{"start":{},"end":{}}],"line":48},"2":{"loc":{"start":{"line":59,"column":22},"end":{"line":59,"column":null}},"type":"binary-expr","locations":[{"start":{"line":59,"column":22},"end":{"line":59,"column":45}},{"start":{"line":59,"column":45},"end":{"line":59,"column":null}}],"line":59},"3":{"loc":{"start":{"line":72,"column":4},"end":{"line":72,"column":null}},"type":"if","locations":[{"start":{"line":72,"column":4},"end":{"line":72,"column":null}},{"start":{},"end":{}}],"line":72}},"s":{"0":0,"1":0,"2":0,"3":0,"4":0,"5":0,"6":0,"7":0,"8":0,"9":0,"10":0,"11":0,"12":0,"13":0,"14":0,"15":0,"16":0,"17":0,"18":0,"19":0},"f":{"0":0,"1":0,"2":0,"3":0,"4":0,"5":0,"6":0},"b":{"0":[0,0],"1":[0,0],"2":[0,0],"3":[0,0]},"meta":{"lastBranch":4,"lastFunction":7,"lastStatement":20,"seen":{"s:11:7:79:Infinity":0,"f:12:2:12:15":0,"s:12:40:12:54":1,"f:14:8:14:27":1,"s:15:17:19:Infinity":2,"s:21:4:21:Infinity":3,"f:21:20:21:21":2,"s:21:29:21:96":4,"f:24:8:24:17":3,"s:25:17:30:Infinity":5,"b:32:4:32:Infinity:undefined:undefined:undefined:undefined":0,"s:32:4:32:Infinity":6,"s:32:27:32:Infinity":7,"s:33:4:33:Infinity":8,"f:36:8:36:Infinity":4,"s:41:17:46:Infinity":9,"b:48:4:48:Infinity:undefined:undefined:undefined:undefined":1,"s:48:4:48:Infinity":10,"s:48:27:48:Infinity":11,"s:49:4:49:Infinity":12,"f:52:8:52:13":5,"s:53:4:69:Infinity":13,"b:59:22:59:45:59:45:59:Infinity":2,"s:71:18:71:Infinity":14,"b:72:4:72:Infinity:undefined:undefined:undefined:undefined":3,"s:72:4:72:Infinity":15,"s:72:16:72:Infinity":16,"s:73:4:73:Infinity":17,"f:76:8:76:15":6,"s:77:4:77:Infinity":18,"s:11:13:11:30":19}}}
,"/Users/michaelcorrigan/Code/photo_salon/apps/server/src/domain/members/member-service.ts": {"path":"/Users/michaelcorrigan/Code/photo_salon/apps/server/src/domain/members/member-service.ts","statementMap":{"0":{"start":{"line":12,"column":7},"end":{"line":103,"column":null}},"1":{"start":{"line":14,"column":38},"end":{"line":14,"column":null}},"2":{"start":{"line":15,"column":36},"end":{"line":15,"column":null}},"3":{"start":{"line":16,"column":34},"end":{"line":16,"column":null}},"4":{"start":{"line":20,"column":4},"end":{"line":20,"column":null}},"5":{"start":{"line":34,"column":21},"end":{"line":34,"column":null}},"6":{"start":{"line":35,"column":4},"end":{"line":40,"column":null}},"7":{"start":{"line":36,"column":6},"end":{"line":39,"column":null}},"8":{"start":{"line":43,"column":21},"end":{"line":43,"column":null}},"9":{"start":{"line":44,"column":4},"end":{"line":48,"column":null}},"10":{"start":{"line":45,"column":6},"end":{"line":47,"column":null}},"11":{"start":{"line":50,"column":22},"end":{"line":59,"column":null}},"12":{"start":{"line":61,"column":4},"end":{"line":61,"column":null}},"13":{"start":{"line":63,"column":4},"end":{"line":63,"column":null}},"14":{"start":{"line":74,"column":21},"end":{"line":74,"column":null}},"15":{"start":{"line":75,"column":4},"end":{"line":77,"column":null}},"16":{"start":{"line":76,"column":6},"end":{"line":76,"column":null}},"17":{"start":{"line":78,"column":4},"end":{"line":78,"column":null}},"18":{"start":{"line":82,"column":21},"end":{"line":82,"column":null}},"19":{"start":{"line":83,"column":4},"end":{"line":85,"column":null}},"20":{"start":{"line":84,"column":6},"end":{"line":84,"column":null}},"21":{"start":{"line":86,"column":4},"end":{"line":86,"column":null}},"22":{"start":{"line":90,"column":4},"end":{"line":101,"column":null}},"23":{"start":{"line":91,"column":23},"end":{"line":91,"column":null}},"24":{"start":{"line":92,"column":6},"end":{"line":97,"column":null}},"25":{"start":{"line":100,"column":6},"end":{"line":100,"column":null}},"26":{"start":{"line":12,"column":13},"end":{"line":12,"column":27}}},"fnMap":{"0":{"name":"(anonymous_0)","decl":{"start":{"line":13,"column":2},"end":{"line":13,"column":null}},"loc":{"start":{"line":17,"column":4},"end":{"line":17,"column":null}},"line":17},"1":{"name":"(anonymous_1)","decl":{"start":{"line":19,"column":8},"end":{"line":19,"column":20}},"loc":{"start":{"line":19,"column":87},"end":{"line":21,"column":null}},"line":19},"2":{"name":"(anonymous_2)","decl":{"start":{"line":23,"column":8},"end":{"line":23,"column":null}},"loc":{"start":{"line":32,"column":27},"end":{"line":64,"column":null}},"line":32},"3":{"name":"(anonymous_3)","decl":{"start":{"line":66,"column":8},"end":{"line":66,"column":null}},"loc":{"start":{"line":73,"column":27},"end":{"line":79,"column":null}},"line":73},"4":{"name":"(anonymous_4)","decl":{"start":{"line":81,"column":8},"end":{"line":81,"column":21}},"loc":{"start":{"line":81,"column":72},"end":{"line":87,"column":null}},"line":81},"5":{"name":"(anonymous_5)","decl":{"start":{"line":89,"column":16},"end":{"line":89,"column":33}},"loc":{"start":{"line":89,"column":81},"end":{"line":102,"column":null}},"line":89}},"branchMap":{"0":{"loc":{"start":{"line":35,"column":4},"end":{"line":40,"column":null}},"type":"if","locations":[{"start":{"line":35,"column":4},"end":{"line":40,"column":null}},{"start":{},"end":{}}],"line":35},"1":{"loc":{"start":{"line":44,"column":4},"end":{"line":48,"column":null}},"type":"if","locations":[{"start":{"line":44,"column":4},"end":{"line":48,"column":null}},{"start":{},"end":{}}],"line":44},"2":{"loc":{"start":{"line":75,"column":4},"end":{"line":77,"column":null}},"type":"if","locations":[{"start":{"line":75,"column":4},"end":{"line":77,"column":null}},{"start":{},"end":{}}],"line":75},"3":{"loc":{"start":{"line":83,"column":4},"end":{"line":85,"column":null}},"type":"if","locations":[{"start":{"line":83,"column":4},"end":{"line":85,"column":null}},{"start":{},"end":{}}],"line":83}},"s":{"0":0,"1":0,"2":0,"3":0,"4":0,"5":0,"6":0,"7":0,"8":0,"9":0,"10":0,"11":0,"12":0,"13":0,"14":0,"15":0,"16":0,"17":0,"18":0,"19":0,"20":0,"21":0,"22":0,"23":0,"24":0,"25":0,"26":0},"f":{"0":0,"1":0,"2":0,"3":0,"4":0,"5":0},"b":{"0":[0,0],"1":[0,0],"2":[0,0],"3":[0,0]},"meta":{"lastBranch":4,"lastFunction":6,"lastStatement":27,"seen":{"s:12:7:103:Infinity":0,"f:13:2:13:Infinity":0,"s:14:38:14:Infinity":1,"s:15:36:15:Infinity":2,"s:16:34:16:Infinity":3,"f:19:8:19:20":1,"s:20:4:20:Infinity":4,"f:23:8:23:Infinity":2,"s:34:21:34:Infinity":5,"b:35:4:40:Infinity:undefined:undefined:undefined:undefined":0,"s:35:4:40:Infinity":6,"s:36:6:39:Infinity":7,"s:43:21:43:Infinity":8,"b:44:4:48:Infinity:undefined:undefined:undefined:undefined":1,"s:44:4:48:Infinity":9,"s:45:6:47:Infinity":10,"s:50:22:59:Infinity":11,"s:61:4:61:Infinity":12,"s:63:4:63:Infinity":13,"f:66:8:66:Infinity":3,"s:74:21:74:Infinity":14,"b:75:4:77:Infinity:undefined:undefined:undefined:undefined":2,"s:75:4:77:Infinity":15,"s:76:6:76:Infinity":16,"s:78:4:78:Infinity":17,"f:81:8:81:21":4,"s:82:21:82:Infinity":18,"b:83:4:85:Infinity:undefined:undefined:undefined:undefined":3,"s:83:4:85:Infinity":19,"s:84:6:84:Infinity":20,"s:86:4:86:Infinity":21,"f:89:16:89:33":5,"s:90:4:101:Infinity":22,"s:91:23:91:Infinity":23,"s:92:6:97:Infinity":24,"s:100:6:100:Infinity":25,"s:12:13:12:27":26}}}
,"/Users/michaelcorrigan/Code/photo_salon/apps/server/src/domain/salon-templates/salon-template-entity.ts": {"path":"/Users/michaelcorrigan/Code/photo_salon/apps/server/src/domain/salon-templates/salon-template-entity.ts","statementMap":{"0":{"start":{"line":10,"column":20},"end":{"line":10,"column":null}},"1":{"start":{"line":11,"column":20},"end":{"line":11,"column":null}},"2":{"start":{"line":12,"column":20},"end":{"line":12,"column":null}},"3":{"start":{"line":13,"column":20},"end":{"line":13,"column":null}},"4":{"start":{"line":14,"column":20},"end":{"line":14,"column":null}},"5":{"start":{"line":15,"column":20},"end":{"line":15,"column":null}},"6":{"start":{"line":16,"column":20},"end":{"line":16,"column":null}},"7":{"start":{"line":18,"column":20},"end":{"line":18,"column":null}},"8":{"start":{"line":20,"column":20},"end":{"line":20,"column":null}},"9":{"start":{"line":29,"column":16},"end":{"line":29,"column":null}},"10":{"start":{"line":30,"column":4},"end":{"line":40,"column":null}},"11":{"start":{"line":48,"column":4},"end":{"line":58,"column":null}},"12":{"start":{"line":66,"column":4},"end":{"line":76,"column":null}}},"fnMap":{"0":{"name":"(anonymous_0)","decl":{"start":{"line":9,"column":10},"end":{"line":9,"column":null}},"loc":{"start":{"line":21,"column":4},"end":{"line":21,"column":null}},"line":21},"1":{"name":"(anonymous_1)","decl":{"start":{"line":23,"column":9},"end":{"line":23,"column":16}},"loc":{"start":{"line":28,"column":26},"end":{"line":41,"column":null}},"line":28},"2":{"name":"(anonymous_2)","decl":{"start":{"line":43,"column":9},"end":{"line":43,"column":null}},"loc":{"start":{"line":47,"column":25},"end":{"line":59,"column":null}},"line":47},"3":{"name":"(anonymous_3)","decl":{"start":{"line":61,"column":2},"end":{"line":61,"column":7}},"loc":{"start":{"line":65,"column":26},"end":{"line":77,"column":null}},"line":65}},"branchMap":{"0":{"loc":{"start":{"line":34,"column":6},"end":{"line":34,"column":null}},"type":"binary-expr","locations":[{"start":{"line":34,"column":6},"end":{"line":34,"column":40}},{"start":{"line":34,"column":40},"end":{"line":34,"column":null}}],"line":34},"1":{"loc":{"start":{"line":35,"column":6},"end":{"line":35,"column":null}},"type":"binary-expr","locations":[{"start":{"line":35,"column":6},"end":{"line":35,"column":36}},{"start":{"line":35,"column":36},"end":{"line":35,"column":null}}],"line":35},"2":{"loc":{"start":{"line":69,"column":6},"end":{"line":69,"column":null}},"type":"binary-expr","locations":[{"start":{"line":69,"column":6},"end":{"line":69,"column":21}},{"start":{"line":69,"column":21},"end":{"line":69,"column":null}}],"line":69},"3":{"loc":{"start":{"line":70,"column":6},"end":{"line":70,"column":null}},"type":"binary-expr","locations":[{"start":{"line":70,"column":6},"end":{"line":70,"column":40}},{"start":{"line":70,"column":40},"end":{"line":70,"column":null}}],"line":70},"4":{"loc":{"start":{"line":71,"column":6},"end":{"line":71,"column":null}},"type":"binary-expr","locations":[{"start":{"line":71,"column":6},"end":{"line":71,"column":36}},{"start":{"line":71,"column":36},"end":{"line":71,"column":null}}],"line":71}},"s":{"0":60,"1":60,"2":60,"3":60,"4":60,"5":60,"6":60,"7":60,"8":60,"9":23,"10":23,"11":35,"12":2},"f":{"0":60,"1":1,"2":1,"3":2},"b":{"0":[23,23],"1":[23,22],"2":[2,0],"3":[2,1],"4":[2,2]},"meta":{"lastBranch":5,"lastFunction":4,"lastStatement":13,"seen":{"f:9:10:9:Infinity":0,"s:10:20:10:Infinity":0,"s:11:20:11:Infinity":1,"s:12:20:12:Infinity":2,"s:13:20:13:Infinity":3,"s:14:20:14:Infinity":4,"s:15:20:15:Infinity":5,"s:16:20:16:Infinity":6,"s:18:20:18:Infinity":7,"s:20:20:20:Infinity":8,"f:23:9:23:16":1,"s:29:16:29:Infinity":9,"s:30:4:40:Infinity":10,"b:34:6:34:40:34:40:34:Infinity":0,"b:35:6:35:36:35:36:35:Infinity":1,"f:43:9:43:Infinity":2,"s:48:4:58:Infinity":11,"f:61:2:61:7":3,"s:66:4:76:Infinity":12,"b:69:6:69:21:69:21:69:Infinity":2,"b:70:6:70:40:70:40:70:Infinity":3,"b:71:6:71:36:71:36:71:Infinity":4}}}
,"/Users/michaelcorrigan/Code/photo_salon/apps/server/src/domain/salon-templates/salon-template-repository.ts": {"path":"/Users/michaelcorrigan/Code/photo_salon/apps/server/src/domain/salon-templates/salon-template-repository.ts","statementMap":{"0":{"start":{"line":16,"column":7},"end":{"line":197,"column":null}},"1":{"start":{"line":17,"column":40},"end":{"line":17,"column":54}},"2":{"start":{"line":22,"column":17},"end":{"line":26,"column":null}},"3":{"start":{"line":28,"column":4},"end":{"line":28,"column":null}},"4":{"start":{"line":28,"column":27},"end":{"line":28,"column":null}},"5":{"start":{"line":29,"column":4},"end":{"line":29,"column":null}},"6":{"start":{"line":36,"column":22},"end":{"line":40,"column":null}},"7":{"start":{"line":42,"column":4},"end":{"line":42,"column":null}},"8":{"start":{"line":42,"column":32},"end":{"line":42,"column":null}},"9":{"start":{"line":44,"column":16},"end":{"line":44,"column":null}},"10":{"start":{"line":44,"column":37},"end":{"line":44,"column":41}},"11":{"start":{"line":46,"column":36},"end":{"line":57,"column":null}},"12":{"start":{"line":59,"column":4},"end":{"line":65,"column":null}},"13":{"start":{"line":60,"column":6},"end":{"line":64,"column":null}},"14":{"start":{"line":62,"column":34},"end":{"line":62,"column":55}},"15":{"start":{"line":63,"column":31},"end":{"line":63,"column":52}},"16":{"start":{"line":71,"column":4},"end":{"line":90,"column":null}},"17":{"start":{"line":92,"column":4},"end":{"line":92,"column":null}},"18":{"start":{"line":96,"column":4},"end":{"line":96,"column":null}},"19":{"start":{"line":105,"column":18},"end":{"line":126,"column":null}},"20":{"start":{"line":128,"column":4},"end":{"line":128,"column":null}},"21":{"start":{"line":135,"column":4},"end":{"line":137,"column":null}},"22":{"start":{"line":146,"column":18},"end":{"line":163,"column":null}},"23":{"start":{"line":165,"column":4},"end":{"line":165,"column":null}},"24":{"start":{"line":169,"column":4},"end":{"line":169,"column":null}},"25":{"start":{"line":175,"column":40},"end":{"line":192,"column":null}},"26":{"start":{"line":181,"column":24},"end":{"line":181,"column":31}},"27":{"start":{"line":194,"column":4},"end":{"line":194,"column":null}},"28":{"start":{"line":194,"column":19},"end":{"line":194,"column":null}},"29":{"start":{"line":195,"column":4},"end":{"line":195,"column":null}},"30":{"start":{"line":16,"column":13},"end":{"line":16,"column":37}}},"fnMap":{"0":{"name":"(anonymous_0)","decl":{"start":{"line":17,"column":2},"end":{"line":17,"column":15}},"loc":{"start":{"line":17,"column":54},"end":{"line":17,"column":null}},"line":17},"1":{"name":"(anonymous_1)","decl":{"start":{"line":21,"column":8},"end":{"line":21,"column":17}},"loc":{"start":{"line":21,"column":93},"end":{"line":30,"column":null}},"line":21},"2":{"name":"(anonymous_2)","decl":{"start":{"line":32,"column":8},"end":{"line":32,"column":null}},"loc":{"start":{"line":35,"column":36},"end":{"line":66,"column":null}},"line":35},"3":{"name":"(anonymous_3)","decl":{"start":{"line":44,"column":30},"end":{"line":44,"column":31}},"loc":{"start":{"line":44,"column":37},"end":{"line":44,"column":41}},"line":44},"4":{"name":"(anonymous_4)","decl":{"start":{"line":59,"column":25},"end":{"line":59,"column":26}},"loc":{"start":{"line":60,"column":6},"end":{"line":64,"column":null}},"line":60},"5":{"name":"(anonymous_5)","decl":{"start":{"line":62,"column":27},"end":{"line":62,"column":28}},"loc":{"start":{"line":62,"column":34},"end":{"line":62,"column":55}},"line":62},"6":{"name":"(anonymous_6)","decl":{"start":{"line":63,"column":24},"end":{"line":63,"column":25}},"loc":{"start":{"line":63,"column":31},"end":{"line":63,"column":52}},"line":63},"7":{"name":"(anonymous_7)","decl":{"start":{"line":70,"column":8},"end":{"line":70,"column":13}},"loc":{"start":{"line":70,"column":91},"end":{"line":93,"column":null}},"line":70},"8":{"name":"(anonymous_8)","decl":{"start":{"line":95,"column":8},"end":{"line":95,"column":15}},"loc":{"start":{"line":95,"column":78},"end":{"line":97,"column":null}},"line":95},"9":{"name":"(anonymous_9)","decl":{"start":{"line":101,"column":8},"end":{"line":101,"column":null}},"loc":{"start":{"line":104,"column":45},"end":{"line":129,"column":null}},"line":104},"10":{"name":"(anonymous_10)","decl":{"start":{"line":131,"column":8},"end":{"line":131,"column":null}},"loc":{"start":{"line":134,"column":19},"end":{"line":138,"column":null}},"line":134},"11":{"name":"(anonymous_11)","decl":{"start":{"line":142,"column":8},"end":{"line":142,"column":null}},"loc":{"start":{"line":145,"column":41},"end":{"line":166,"column":null}},"line":145},"12":{"name":"(anonymous_12)","decl":{"start":{"line":168,"column":8},"end":{"line":168,"column":19}},"loc":{"start":{"line":168,"column":87},"end":{"line":170,"column":null}},"line":168},"13":{"name":"(anonymous_13)","decl":{"start":{"line":174,"column":16},"end":{"line":174,"column":30}},"loc":{"start":{"line":174,"column":80},"end":{"line":196,"column":null}},"line":174},"14":{"name":"(anonymous_14)","decl":{"start":{"line":181,"column":14},"end":{"line":181,"column":15}},"loc":{"start":{"line":181,"column":24},"end":{"line":181,"column":31}},"line":181}},"branchMap":{"0":{"loc":{"start":{"line":28,"column":4},"end":{"line":28,"column":null}},"type":"if","locations":[{"start":{"line":28,"column":4},"end":{"line":28,"column":null}},{"start":{},"end":{}}],"line":28},"1":{"loc":{"start":{"line":42,"column":4},"end":{"line":42,"column":null}},"type":"if","locations":[{"start":{"line":42,"column":4},"end":{"line":42,"column":null}},{"start":{},"end":{}}],"line":42},"2":{"loc":{"start":{"line":152,"column":33},"end":{"line":152,"column":null}},"type":"binary-expr","locations":[{"start":{"line":152,"column":33},"end":{"line":152,"column":65}},{"start":{"line":152,"column":65},"end":{"line":152,"column":null}}],"line":152},"3":{"loc":{"start":{"line":194,"column":4},"end":{"line":194,"column":null}},"type":"if","locations":[{"start":{"line":194,"column":4},"end":{"line":194,"column":null}},{"start":{},"end":{}}],"line":194}},"s":{"0":1,"1":1,"2":10,"3":10,"4":3,"5":7,"6":3,"7":3,"8":1,"9":2,"10":3,"11":2,"12":2,"13":3,"14":2,"15":2,"16":25,"17":25,"18":2,"19":14,"20":14,"21":1,"22":15,"23":15,"24":1,"25":32,"26":32,"27":32,"28":0,"29":32,"30":1},"f":{"0":1,"1":10,"2":3,"3":3,"4":3,"5":2,"6":2,"7":25,"8":2,"9":14,"10":1,"11":15,"12":1,"13":32,"14":32},"b":{"0":[3,7],"1":[1,2],"2":[15,13],"3":[0,32]},"meta":{"lastBranch":4,"lastFunction":15,"lastStatement":31,"seen":{"s:16:7:197:Infinity":0,"f:17:2:17:15":0,"s:17:40:17:54":1,"f:21:8:21:17":1,"s:22:17:26:Infinity":2,"b:28:4:28:Infinity:undefined:undefined:undefined:undefined":0,"s:28:4:28:Infinity":3,"s:28:27:28:Infinity":4,"s:29:4:29:Infinity":5,"f:32:8:32:Infinity":2,"s:36:22:40:Infinity":6,"b:42:4:42:Infinity:undefined:undefined:undefined:undefined":1,"s:42:4:42:Infinity":7,"s:42:32:42:Infinity":8,"s:44:16:44:Infinity":9,"f:44:30:44:31":3,"s:44:37:44:41":10,"s:46:36:57:Infinity":11,"s:59:4:65:Infinity":12,"f:59:25:59:26":4,"s:60:6:64:Infinity":13,"f:62:27:62:28":5,"s:62:34:62:55":14,"f:63:24:63:25":6,"s:63:31:63:52":15,"f:70:8:70:13":7,"s:71:4:90:Infinity":16,"s:92:4:92:Infinity":17,"f:95:8:95:15":8,"s:96:4:96:Infinity":18,"f:101:8:101:Infinity":9,"s:105:18:126:Infinity":19,"s:128:4:128:Infinity":20,"f:131:8:131:Infinity":10,"s:135:4:137:Infinity":21,"f:142:8:142:Infinity":11,"s:146:18:163:Infinity":22,"b:152:33:152:65:152:65:152:Infinity":2,"s:165:4:165:Infinity":23,"f:168:8:168:19":12,"s:169:4:169:Infinity":24,"f:174:16:174:30":13,"s:175:40:192:Infinity":25,"f:181:14:181:15":14,"s:181:24:181:31":26,"b:194:4:194:Infinity:undefined:undefined:undefined:undefined":3,"s:194:4:194:Infinity":27,"s:194:19:194:Infinity":28,"s:195:4:195:Infinity":29,"s:16:13:16:37":30}}}
,"/Users/michaelcorrigan/Code/photo_salon/apps/server/src/domain/salon-templates/template-category-slot-entity.ts": {"path":"/Users/michaelcorrigan/Code/photo_salon/apps/server/src/domain/salon-templates/template-category-slot-entity.ts","statementMap":{"0":{"start":{"line":8,"column":20},"end":{"line":8,"column":null}},"1":{"start":{"line":9,"column":20},"end":{"line":9,"column":null}},"2":{"start":{"line":10,"column":20},"end":{"line":10,"column":null}},"3":{"start":{"line":12,"column":20},"end":{"line":12,"column":null}},"4":{"start":{"line":13,"column":20},"end":{"line":13,"column":null}},"5":{"start":{"line":22,"column":4},"end":{"line":28,"column":null}},"6":{"start":{"line":32,"column":4},"end":{"line":38,"column":null}},"7":{"start":{"line":46,"column":4},"end":{"line":54,"column":null}}},"fnMap":{"0":{"name":"(anonymous_0)","decl":{"start":{"line":7,"column":10},"end":{"line":7,"column":null}},"loc":{"start":{"line":14,"column":4},"end":{"line":14,"column":null}},"line":14},"1":{"name":"(anonymous_1)","decl":{"start":{"line":16,"column":9},"end":{"line":16,"column":16}},"loc":{"start":{"line":21,"column":33},"end":{"line":29,"column":null}},"line":21},"2":{"name":"(anonymous_2)","decl":{"start":{"line":31,"column":9},"end":{"line":31,"column":19}},"loc":{"start":{"line":31,"column":79},"end":{"line":39,"column":null}},"line":31},"3":{"name":"(anonymous_3)","decl":{"start":{"line":41,"column":2},"end":{"line":41,"column":7}},"loc":{"start":{"line":45,"column":33},"end":{"line":55,"column":null}},"line":45}},"branchMap":{"0":{"loc":{"start":{"line":26,"column":6},"end":{"line":26,"column":null}},"type":"binary-expr","locations":[{"start":{"line":26,"column":6},"end":{"line":26,"column":40}},{"start":{"line":26,"column":40},"end":{"line":26,"column":null}}],"line":26},"1":{"loc":{"start":{"line":27,"column":6},"end":{"line":27,"column":null}},"type":"binary-expr","locations":[{"start":{"line":27,"column":6},"end":{"line":27,"column":29}},{"start":{"line":27,"column":29},"end":{"line":27,"column":null}}],"line":27},"2":{"loc":{"start":{"line":36,"column":6},"end":{"line":36,"column":null}},"type":"binary-expr","locations":[{"start":{"line":36,"column":6},"end":{"line":36,"column":37}},{"start":{"line":36,"column":37},"end":{"line":36,"column":null}}],"line":36},"3":{"loc":{"start":{"line":49,"column":6},"end":{"line":49,"column":null}},"type":"binary-expr","locations":[{"start":{"line":49,"column":6},"end":{"line":49,"column":21}},{"start":{"line":49,"column":21},"end":{"line":49,"column":null}}],"line":49},"4":{"loc":{"start":{"line":50,"column":6},"end":{"line":52,"column":null}},"type":"cond-expr","locations":[{"start":{"line":51,"column":10},"end":{"line":51,"column":null}},{"start":{"line":52,"column":10},"end":{"line":52,"column":null}}],"line":50},"5":{"loc":{"start":{"line":53,"column":6},"end":{"line":53,"column":null}},"type":"binary-expr","locations":[{"start":{"line":53,"column":6},"end":{"line":53,"column":29}},{"start":{"line":53,"column":29},"end":{"line":53,"column":null}}],"line":53}},"s":{"0":38,"1":38,"2":38,"3":38,"4":38,"5":13,"6":23,"7":2},"f":{"0":38,"1":1,"2":1,"3":2},"b":{"0":[13,12],"1":[13,10],"2":[23,21],"3":[2,1],"4":[2,0],"5":[2,2]},"meta":{"lastBranch":6,"lastFunction":4,"lastStatement":8,"seen":{"f:7:10:7:Infinity":0,"s:8:20:8:Infinity":0,"s:9:20:9:Infinity":1,"s:10:20:10:Infinity":2,"s:12:20:12:Infinity":3,"s:13:20:13:Infinity":4,"f:16:9:16:16":1,"s:22:4:28:Infinity":5,"b:26:6:26:40:26:40:26:Infinity":0,"b:27:6:27:29:27:29:27:Infinity":1,"f:31:9:31:19":2,"s:32:4:38:Infinity":6,"b:36:6:36:37:36:37:36:Infinity":2,"f:41:2:41:7":3,"s:46:4:54:Infinity":7,"b:49:6:49:21:49:21:49:Infinity":3,"b:51:10:51:Infinity:52:10:52:Infinity":4,"b:53:6:53:29:53:29:53:Infinity":5}}}
,"/Users/michaelcorrigan/Code/photo_salon/apps/server/src/domain/salon-templates/template-scoring-criterion-entity.ts": {"path":"/Users/michaelcorrigan/Code/photo_salon/apps/server/src/domain/salon-templates/template-scoring-criterion-entity.ts","statementMap":{"0":{"start":{"line":8,"column":20},"end":{"line":8,"column":null}},"1":{"start":{"line":9,"column":20},"end":{"line":9,"column":null}},"2":{"start":{"line":10,"column":20},"end":{"line":10,"column":null}},"3":{"start":{"line":11,"column":20},"end":{"line":11,"column":null}},"4":{"start":{"line":12,"column":20},"end":{"line":12,"column":null}},"5":{"start":{"line":14,"column":20},"end":{"line":14,"column":null}},"6":{"start":{"line":15,"column":20},"end":{"line":15,"column":null}},"7":{"start":{"line":26,"column":4},"end":{"line":34,"column":null}},"8":{"start":{"line":38,"column":4},"end":{"line":46,"column":null}},"9":{"start":{"line":56,"column":4},"end":{"line":64,"column":null}}},"fnMap":{"0":{"name":"(anonymous_0)","decl":{"start":{"line":7,"column":10},"end":{"line":7,"column":null}},"loc":{"start":{"line":16,"column":4},"end":{"line":16,"column":null}},"line":16},"1":{"name":"(anonymous_1)","decl":{"start":{"line":18,"column":9},"end":{"line":18,"column":16}},"loc":{"start":{"line":25,"column":37},"end":{"line":35,"column":null}},"line":25},"2":{"name":"(anonymous_2)","decl":{"start":{"line":37,"column":9},"end":{"line":37,"column":19}},"loc":{"start":{"line":37,"column":87},"end":{"line":47,"column":null}},"line":37},"3":{"name":"(anonymous_3)","decl":{"start":{"line":49,"column":2},"end":{"line":49,"column":7}},"loc":{"start":{"line":55,"column":37},"end":{"line":65,"column":null}},"line":55}},"branchMap":{"0":{"loc":{"start":{"line":30,"column":6},"end":{"line":30,"column":null}},"type":"binary-expr","locations":[{"start":{"line":30,"column":6},"end":{"line":30,"column":25}},{"start":{"line":30,"column":25},"end":{"line":30,"column":null}}],"line":30},"1":{"loc":{"start":{"line":31,"column":6},"end":{"line":31,"column":null}},"type":"binary-expr","locations":[{"start":{"line":31,"column":6},"end":{"line":31,"column":25}},{"start":{"line":31,"column":25},"end":{"line":31,"column":null}}],"line":31},"2":{"loc":{"start":{"line":32,"column":6},"end":{"line":32,"column":null}},"type":"binary-expr","locations":[{"start":{"line":32,"column":6},"end":{"line":32,"column":23}},{"start":{"line":32,"column":23},"end":{"line":32,"column":null}}],"line":32},"3":{"loc":{"start":{"line":33,"column":6},"end":{"line":33,"column":null}},"type":"binary-expr","locations":[{"start":{"line":33,"column":6},"end":{"line":33,"column":29}},{"start":{"line":33,"column":29},"end":{"line":33,"column":null}}],"line":33},"4":{"loc":{"start":{"line":59,"column":6},"end":{"line":59,"column":null}},"type":"binary-expr","locations":[{"start":{"line":59,"column":6},"end":{"line":59,"column":21}},{"start":{"line":59,"column":21},"end":{"line":59,"column":null}}],"line":59},"5":{"loc":{"start":{"line":60,"column":6},"end":{"line":60,"column":null}},"type":"binary-expr","locations":[{"start":{"line":60,"column":6},"end":{"line":60,"column":25}},{"start":{"line":60,"column":25},"end":{"line":60,"column":null}}],"line":60},"6":{"loc":{"start":{"line":61,"column":6},"end":{"line":61,"column":null}},"type":"binary-expr","locations":[{"start":{"line":61,"column":6},"end":{"line":61,"column":25}},{"start":{"line":61,"column":25},"end":{"line":61,"column":null}}],"line":61},"7":{"loc":{"start":{"line":62,"column":6},"end":{"line":62,"column":null}},"type":"binary-expr","locations":[{"start":{"line":62,"column":6},"end":{"line":62,"column":23}},{"start":{"line":62,"column":23},"end":{"line":62,"column":null}}],"line":62},"8":{"loc":{"start":{"line":63,"column":6},"end":{"line":63,"column":null}},"type":"binary-expr","locations":[{"start":{"line":63,"column":6},"end":{"line":63,"column":29}},{"start":{"line":63,"column":29},"end":{"line":63,"column":null}}],"line":63}},"s":{"0":36,"1":36,"2":36,"3":36,"4":36,"5":36,"6":36,"7":13,"8":22,"9":1},"f":{"0":36,"1":1,"2":1,"3":1},"b":{"0":[13,12],"1":[13,12],"2":[13,12],"3":[13,9],"4":[1,0],"5":[1,1],"6":[1,0],"7":[1,0],"8":[1,1]},"meta":{"lastBranch":9,"lastFunction":4,"lastStatement":10,"seen":{"f:7:10:7:Infinity":0,"s:8:20:8:Infinity":0,"s:9:20:9:Infinity":1,"s:10:20:10:Infinity":2,"s:11:20:11:Infinity":3,"s:12:20:12:Infinity":4,"s:14:20:14:Infinity":5,"s:15:20:15:Infinity":6,"f:18:9:18:16":1,"s:26:4:34:Infinity":7,"b:30:6:30:25:30:25:30:Infinity":0,"b:31:6:31:25:31:25:31:Infinity":1,"b:32:6:32:23:32:23:32:Infinity":2,"b:33:6:33:29:33:29:33:Infinity":3,"f:37:9:37:19":2,"s:38:4:46:Infinity":8,"f:49:2:49:7":3,"s:56:4:64:Infinity":9,"b:59:6:59:21:59:21:59:Infinity":4,"b:60:6:60:25:60:25:60:Infinity":5,"b:61:6:61:25:61:25:61:Infinity":6,"b:62:6:62:23:62:23:62:Infinity":7,"b:63:6:63:29:63:29:63:Infinity":8}}}
,"/Users/michaelcorrigan/Code/photo_salon/apps/server/src/domain/users/user-entity.ts": {"path":"/Users/michaelcorrigan/Code/photo_salon/apps/server/src/domain/users/user-entity.ts","statementMap":{"0":{"start":{"line":8,"column":20},"end":{"line":8,"column":null}},"1":{"start":{"line":9,"column":20},"end":{"line":9,"column":null}},"2":{"start":{"line":10,"column":20},"end":{"line":10,"column":null}},"3":{"start":{"line":11,"column":20},"end":{"line":11,"column":null}},"4":{"start":{"line":12,"column":20},"end":{"line":12,"column":null}},"5":{"start":{"line":13,"column":20},"end":{"line":13,"column":null}},"6":{"start":{"line":17,"column":4},"end":{"line":22,"column":null}},"7":{"start":{"line":19,"column":18},"end":{"line":19,"column":22}},"8":{"start":{"line":26,"column":4},"end":{"line":33,"column":null}},"9":{"start":{"line":37,"column":4},"end":{"line":44,"column":null}},"10":{"start":{"line":48,"column":4},"end":{"line":55,"column":null}}},"fnMap":{"0":{"name":"(anonymous_0)","decl":{"start":{"line":7,"column":10},"end":{"line":7,"column":null}},"loc":{"start":{"line":14,"column":4},"end":{"line":14,"column":null}},"line":14},"1":{"name":"(anonymous_1)","decl":{"start":{"line":16,"column":6},"end":{"line":16,"column":25}},"loc":{"start":{"line":16,"column":25},"end":{"line":23,"column":null}},"line":16},"2":{"name":"(anonymous_2)","decl":{"start":{"line":19,"column":11},"end":{"line":19,"column":12}},"loc":{"start":{"line":19,"column":18},"end":{"line":19,"column":22}},"line":19},"3":{"name":"(anonymous_3)","decl":{"start":{"line":25,"column":9},"end":{"line":25,"column":16}},"loc":{"start":{"line":25,"column":69},"end":{"line":34,"column":null}},"line":25},"4":{"name":"(anonymous_4)","decl":{"start":{"line":36,"column":9},"end":{"line":36,"column":19}},"loc":{"start":{"line":36,"column":49},"end":{"line":45,"column":null}},"line":36},"5":{"name":"(anonymous_5)","decl":{"start":{"line":47,"column":2},"end":{"line":47,"column":7}},"loc":{"start":{"line":47,"column":62},"end":{"line":56,"column":null}},"line":47}},"branchMap":{"0":{"loc":{"start":{"line":42,"column":6},"end":{"line":42,"column":null}},"type":"binary-expr","locations":[{"start":{"line":42,"column":6},"end":{"line":42,"column":20}},{"start":{"line":42,"column":20},"end":{"line":42,"column":null}}],"line":42},"1":{"loc":{"start":{"line":50,"column":6},"end":{"line":50,"column":null}},"type":"binary-expr","locations":[{"start":{"line":50,"column":6},"end":{"line":50,"column":21}},{"start":{"line":50,"column":21},"end":{"line":50,"column":null}}],"line":50},"2":{"loc":{"start":{"line":51,"column":6},"end":{"line":51,"column":null}},"type":"binary-expr","locations":[{"start":{"line":51,"column":6},"end":{"line":51,"column":22}},{"start":{"line":51,"column":22},"end":{"line":51,"column":null}}],"line":51}},"s":{"0":0,"1":0,"2":0,"3":0,"4":0,"5":0,"6":0,"7":0,"8":0,"9":0,"10":0},"f":{"0":0,"1":0,"2":0,"3":0,"4":0,"5":0},"b":{"0":[0,0],"1":[0,0],"2":[0,0]},"meta":{"lastBranch":3,"lastFunction":6,"lastStatement":11,"seen":{"f:7:10:7:Infinity":0,"s:8:20:8:Infinity":0,"s:9:20:9:Infinity":1,"s:10:20:10:Infinity":2,"s:11:20:11:Infinity":3,"s:12:20:12:Infinity":4,"s:13:20:13:Infinity":5,"f:16:6:16:25":1,"s:17:4:22:Infinity":6,"f:19:11:19:12":2,"s:19:18:19:22":7,"f:25:9:25:16":3,"s:26:4:33:Infinity":8,"f:36:9:36:19":4,"s:37:4:44:Infinity":9,"b:42:6:42:20:42:20:42:Infinity":0,"f:47:2:47:7":5,"s:48:4:55:Infinity":10,"b:50:6:50:21:50:21:50:Infinity":1,"b:51:6:51:22:51:22:51:Infinity":2}}}
,"/Users/michaelcorrigan/Code/photo_salon/apps/server/src/domain/users/user-repository.ts": {"path":"/Users/michaelcorrigan/Code/photo_salon/apps/server/src/domain/users/user-repository.ts","statementMap":{"0":{"start":{"line":10,"column":7},"end":{"line":48,"column":null}},"1":{"start":{"line":11,"column":40},"end":{"line":11,"column":54}},"2":{"start":{"line":14,"column":16},"end":{"line":14,"column":null}},"3":{"start":{"line":15,"column":4},"end":{"line":15,"column":null}},"4":{"start":{"line":15,"column":14},"end":{"line":15,"column":null}},"5":{"start":{"line":16,"column":4},"end":{"line":16,"column":null}},"6":{"start":{"line":20,"column":16},"end":{"line":20,"column":null}},"7":{"start":{"line":21,"column":4},"end":{"line":21,"column":null}},"8":{"start":{"line":21,"column":14},"end":{"line":21,"column":null}},"9":{"start":{"line":22,"column":4},"end":{"line":22,"column":null}},"10":{"start":{"line":26,"column":18},"end":{"line":44,"column":null}},"11":{"start":{"line":46,"column":4},"end":{"line":46,"column":null}},"12":{"start":{"line":10,"column":13},"end":{"line":10,"column":28}}},"fnMap":{"0":{"name":"(anonymous_0)","decl":{"start":{"line":11,"column":2},"end":{"line":11,"column":15}},"loc":{"start":{"line":11,"column":54},"end":{"line":11,"column":null}},"line":11},"1":{"name":"(anonymous_1)","decl":{"start":{"line":13,"column":8},"end":{"line":13,"column":17}},"loc":{"start":{"line":13,"column":76},"end":{"line":17,"column":null}},"line":13},"2":{"name":"(anonymous_2)","decl":{"start":{"line":19,"column":8},"end":{"line":19,"column":20}},"loc":{"start":{"line":19,"column":82},"end":{"line":23,"column":null}},"line":19},"3":{"name":"(anonymous_3)","decl":{"start":{"line":25,"column":8},"end":{"line":25,"column":13}},"loc":{"start":{"line":25,"column":73},"end":{"line":47,"column":null}},"line":25}},"branchMap":{"0":{"loc":{"start":{"line":15,"column":4},"end":{"line":15,"column":null}},"type":"if","locations":[{"start":{"line":15,"column":4},"end":{"line":15,"column":null}},{"start":{},"end":{}}],"line":15},"1":{"loc":{"start":{"line":21,"column":4},"end":{"line":21,"column":null}},"type":"if","locations":[{"start":{"line":21,"column":4},"end":{"line":21,"column":null}},{"start":{},"end":{}}],"line":21}},"s":{"0":0,"1":0,"2":0,"3":0,"4":0,"5":0,"6":0,"7":0,"8":0,"9":0,"10":0,"11":0,"12":0},"f":{"0":0,"1":0,"2":0,"3":0},"b":{"0":[0,0],"1":[0,0]},"meta":{"lastBranch":2,"lastFunction":4,"lastStatement":13,"seen":{"s:10:7:48:Infinity":0,"f:11:2:11:15":0,"s:11:40:11:54":1,"f:13:8:13:17":1,"s:14:16:14:Infinity":2,"b:15:4:15:Infinity:undefined:undefined:undefined:undefined":0,"s:15:4:15:Infinity":3,"s:15:14:15:Infinity":4,"s:16:4:16:Infinity":5,"f:19:8:19:20":2,"s:20:16:20:Infinity":6,"b:21:4:21:Infinity:undefined:undefined:undefined:undefined":1,"s:21:4:21:Infinity":7,"s:21:14:21:Infinity":8,"s:22:4:22:Infinity":9,"f:25:8:25:13":3,"s:26:18:44:Infinity":10,"s:46:4:46:Infinity":11,"s:10:13:10:28":12}}}
,"/Users/michaelcorrigan/Code/photo_salon/apps/server/src/domain/users/user-service.ts": {"path":"/Users/michaelcorrigan/Code/photo_salon/apps/server/src/domain/users/user-service.ts","statementMap":{"0":{"start":{"line":7,"column":7},"end":{"line":19,"column":null}},"1":{"start":{"line":8,"column":46},"end":{"line":8,"column":68}},"2":{"start":{"line":13,"column":4},"end":{"line":15,"column":null}},"3":{"start":{"line":14,"column":6},"end":{"line":14,"column":null}},"4":{"start":{"line":16,"column":23},"end":{"line":16,"column":null}},"5":{"start":{"line":17,"column":4},"end":{"line":17,"column":null}},"6":{"start":{"line":7,"column":13},"end":{"line":7,"column":25}}},"fnMap":{"0":{"name":"(anonymous_0)","decl":{"start":{"line":8,"column":2},"end":{"line":8,"column":15}},"loc":{"start":{"line":8,"column":68},"end":{"line":8,"column":null}},"line":8},"1":{"name":"(anonymous_1)","decl":{"start":{"line":10,"column":8},"end":{"line":10,"column":null}},"loc":{"start":{"line":12,"column":94},"end":{"line":18,"column":null}},"line":12}},"branchMap":{"0":{"loc":{"start":{"line":13,"column":4},"end":{"line":15,"column":null}},"type":"if","locations":[{"start":{"line":13,"column":4},"end":{"line":15,"column":null}},{"start":{},"end":{}}],"line":13},"1":{"loc":{"start":{"line":17,"column":40},"end":{"line":17,"column":60}},"type":"binary-expr","locations":[{"start":{"line":17,"column":40},"end":{"line":17,"column":55}},{"start":{"line":17,"column":55},"end":{"line":17,"column":60}}],"line":17}},"s":{"0":0,"1":0,"2":0,"3":0,"4":0,"5":0,"6":0},"f":{"0":0,"1":0},"b":{"0":[0,0],"1":[0,0]},"meta":{"lastBranch":2,"lastFunction":2,"lastStatement":7,"seen":{"s:7:7:19:Infinity":0,"f:8:2:8:15":0,"s:8:46:8:68":1,"f:10:8:10:Infinity":1,"b:13:4:15:Infinity:undefined:undefined:undefined:undefined":0,"s:13:4:15:Infinity":2,"s:14:6:14:Infinity":3,"s:16:23:16:Infinity":4,"s:17:4:17:Infinity":5,"b:17:40:17:55:17:55:17:60":1,"s:7:13:7:25":6}}}
,"/Users/michaelcorrigan/Code/photo_salon/apps/server/src/lib/auth.ts": {"path":"/Users/michaelcorrigan/Code/photo_salon/apps/server/src/lib/auth.ts","statementMap":{"0":{"start":{"line":17,"column":16},"end":{"line":17,"column":null}},"1":{"start":{"line":17,"column":33},"end":{"line":17,"column":null}},"2":{"start":{"line":20,"column":13},"end":{"line":20,"column":null}},"3":{"start":{"line":22,"column":24},"end":{"line":28,"column":null}},"4":{"start":{"line":29,"column":2},"end":{"line":29,"column":null}},"5":{"start":{"line":29,"column":29},"end":{"line":29,"column":null}},"6":{"start":{"line":30,"column":26},"end":{"line":30,"column":null}},"7":{"start":{"line":32,"column":2},"end":{"line":46,"column":null}},"8":{"start":{"line":33,"column":25},"end":{"line":41,"column":null}},"9":{"start":{"line":42,"column":4},"end":{"line":42,"column":null}},"10":{"start":{"line":42,"column":30},"end":{"line":42,"column":null}},"11":{"start":{"line":43,"column":4},"end":{"line":45,"column":null}},"12":{"start":{"line":44,"column":6},"end":{"line":44,"column":null}},"13":{"start":{"line":48,"column":23},"end":{"line":54,"column":null}},"14":{"start":{"line":55,"column":2},"end":{"line":55,"column":null}},"15":{"start":{"line":55,"column":28},"end":{"line":55,"column":null}},"16":{"start":{"line":57,"column":2},"end":{"line":57,"column":null}},"17":{"start":{"line":60,"column":6},"end":{"line":126,"column":null}},"18":{"start":{"line":66,"column":10},"end":{"line":66,"column":null}},"19":{"start":{"line":67,"column":4},"end":{"line":67,"column":null}},"20":{"start":{"line":73,"column":8},"end":{"line":80,"column":null}},"21":{"start":{"line":74,"column":10},"end":{"line":79,"column":null}},"22":{"start":{"line":82,"column":14},"end":{"line":82,"column":null}},"23":{"start":{"line":83,"column":8},"end":{"line":88,"column":null}},"24":{"start":{"line":102,"column":30},"end":{"line":102,"column":null}},"25":{"start":{"line":103,"column":10},"end":{"line":108,"column":null}},"26":{"start":{"line":115,"column":24},"end":{"line":115,"column":null}},"27":{"start":{"line":120,"column":21},"end":{"line":120,"column":null}},"28":{"start":{"line":121,"column":22},"end":{"line":121,"column":null}},"29":{"start":{"line":122,"column":8},"end":{"line":122,"column":null}},"30":{"start":{"line":133,"column":2},"end":{"line":145,"column":null}},"31":{"start":{"line":143,"column":36},"end":{"line":143,"column":56}}},"fnMap":{"0":{"name":"(anonymous_0)","decl":{"start":{"line":17,"column":16},"end":{"line":17,"column":17}},"loc":{"start":{"line":17,"column":33},"end":{"line":17,"column":null}},"line":17},"1":{"name":"getActiveOrganization","decl":{"start":{"line":19,"column":15},"end":{"line":19,"column":37}},"loc":{"start":{"line":19,"column":53},"end":{"line":58,"column":null}},"line":19},"2":{"name":"(anonymous_2)","decl":{"start":{"line":65,"column":18},"end":{"line":65,"column":24}},"loc":{"start":{"line":65,"column":24},"end":{"line":68,"column":null}},"line":65},"3":{"name":"(anonymous_3)","decl":{"start":{"line":72,"column":21},"end":{"line":72,"column":28}},"loc":{"start":{"line":72,"column":47},"end":{"line":89,"column":null}},"line":72},"4":{"name":"(anonymous_4)","decl":{"start":{"line":92,"column":27},"end":{"line":92,"column":39}},"loc":{"start":{"line":92,"column":39},"end":{"line":94,"column":null}},"line":92},"5":{"name":"(anonymous_5)","decl":{"start":{"line":101,"column":16},"end":{"line":101,"column":23}},"loc":{"start":{"line":101,"column":35},"end":{"line":109,"column":null}},"line":101},"6":{"name":"(anonymous_6)","decl":{"start":{"line":115,"column":18},"end":{"line":115,"column":24}},"loc":{"start":{"line":115,"column":24},"end":{"line":115,"column":null}},"line":115},"7":{"name":"(anonymous_7)","decl":{"start":{"line":119,"column":15},"end":{"line":119,"column":21}},"loc":{"start":{"line":119,"column":21},"end":{"line":123,"column":9}},"line":119},"8":{"name":"createTestAuth","decl":{"start":{"line":132,"column":16},"end":{"line":132,"column":31}},"loc":{"start":{"line":132,"column":45},"end":{"line":146,"column":null}},"line":132},"9":{"name":"(anonymous_9)","decl":{"start":{"line":138,"column":42},"end":{"line":138,"column":54}},"loc":{"start":{"line":138,"column":54},"end":{"line":138,"column":57}},"line":138},"10":{"name":"(anonymous_10)","decl":{"start":{"line":143,"column":30},"end":{"line":143,"column":36}},"loc":{"start":{"line":143,"column":36},"end":{"line":143,"column":56}},"line":143}},"branchMap":{"0":{"loc":{"start":{"line":17,"column":33},"end":{"line":17,"column":null}},"type":"cond-expr","locations":[{"start":{"line":17,"column":54},"end":{"line":17,"column":58}},{"start":{"line":17,"column":58},"end":{"line":17,"column":null}}],"line":17},"1":{"loc":{"start":{"line":29,"column":2},"end":{"line":29,"column":null}},"type":"if","locations":[{"start":{"line":29,"column":2},"end":{"line":29,"column":null}},{"start":{},"end":{}}],"line":29},"2":{"loc":{"start":{"line":32,"column":2},"end":{"line":46,"column":null}},"type":"if","locations":[{"start":{"line":32,"column":2},"end":{"line":46,"column":null}},{"start":{},"end":{}}],"line":32},"3":{"loc":{"start":{"line":42,"column":4},"end":{"line":42,"column":null}},"type":"if","locations":[{"start":{"line":42,"column":4},"end":{"line":42,"column":null}},{"start":{},"end":{}}],"line":42},"4":{"loc":{"start":{"line":43,"column":4},"end":{"line":45,"column":null}},"type":"if","locations":[{"start":{"line":43,"column":4},"end":{"line":45,"column":null}},{"start":{},"end":{}}],"line":43},"5":{"loc":{"start":{"line":55,"column":2},"end":{"line":55,"column":null}},"type":"if","locations":[{"start":{"line":55,"column":2},"end":{"line":55,"column":null}},{"start":{},"end":{}}],"line":55},"6":{"loc":{"start":{"line":57,"column":9},"end":{"line":57,"column":null}},"type":"binary-expr","locations":[{"start":{"line":57,"column":9},"end":{"line":57,"column":47}},{"start":{"line":57,"column":47},"end":{"line":57,"column":null}}],"line":57},"7":{"loc":{"start":{"line":73,"column":8},"end":{"line":80,"column":null}},"type":"if","locations":[{"start":{"line":73,"column":8},"end":{"line":80,"column":null}},{"start":{},"end":{}}],"line":73},"8":{"loc":{"start":{"line":122,"column":15},"end":{"line":122,"column":null}},"type":"cond-expr","locations":[{"start":{"line":122,"column":34},"end":{"line":122,"column":68}},{"start":{"line":122,"column":68},"end":{"line":122,"column":null}}],"line":122}},"s":{"0":0,"1":0,"2":0,"3":0,"4":0,"5":0,"6":0,"7":0,"8":0,"9":0,"10":0,"11":0,"12":0,"13":0,"14":0,"15":0,"16":0,"17":0,"18":0,"19":0,"20":0,"21":0,"22":0,"23":0,"24":0,"25":0,"26":0,"27":0,"28":0,"29":0,"30":0,"31":0},"f":{"0":0,"1":0,"2":0,"3":0,"4":0,"5":0,"6":0,"7":0,"8":0,"9":0,"10":0},"b":{"0":[0,0],"1":[0,0],"2":[0,0],"3":[0,0],"4":[0,0],"5":[0,0],"6":[0,0],"7":[0,0],"8":[0,0]},"meta":{"lastBranch":9,"lastFunction":11,"lastStatement":32,"seen":{"s:17:16:17:Infinity":0,"f:17:16:17:17":0,"s:17:33:17:Infinity":1,"b:17:54:17:58:17:58:17:Infinity":0,"f:19:15:19:37":1,"s:20:13:20:Infinity":2,"s:22:24:28:Infinity":3,"b:29:2:29:Infinity:undefined:undefined:undefined:undefined":1,"s:29:2:29:Infinity":4,"s:29:29:29:Infinity":5,"s:30:26:30:Infinity":6,"b:32:2:46:Infinity:undefined:undefined:undefined:undefined":2,"s:32:2:46:Infinity":7,"s:33:25:41:Infinity":8,"b:42:4:42:Infinity:undefined:undefined:undefined:undefined":3,"s:42:4:42:Infinity":9,"s:42:30:42:Infinity":10,"b:43:4:45:Infinity:undefined:undefined:undefined:undefined":4,"s:43:4:45:Infinity":11,"s:44:6:44:Infinity":12,"s:48:23:54:Infinity":13,"b:55:2:55:Infinity:undefined:undefined:undefined:undefined":5,"s:55:2:55:Infinity":14,"s:55:28:55:Infinity":15,"s:57:2:57:Infinity":16,"b:57:9:57:47:57:47:57:Infinity":6,"s:60:6:126:Infinity":17,"f:65:18:65:24":2,"s:66:10:66:Infinity":18,"s:67:4:67:Infinity":19,"f:72:21:72:28":3,"b:73:8:80:Infinity:undefined:undefined:undefined:undefined":7,"s:73:8:80:Infinity":20,"s:74:10:79:Infinity":21,"s:82:14:82:Infinity":22,"s:83:8:88:Infinity":23,"f:92:27:92:39":4,"f:101:16:101:23":5,"s:102:30:102:Infinity":24,"s:103:10:108:Infinity":25,"f:115:18:115:24":6,"s:115:24:115:Infinity":26,"f:119:15:119:21":7,"s:120:21:120:Infinity":27,"s:121:22:121:Infinity":28,"s:122:8:122:Infinity":29,"b:122:34:122:68:122:68:122:Infinity":8,"f:132:16:132:31":8,"s:133:2:145:Infinity":30,"f:138:42:138:54":9,"f:143:30:143:36":10,"s:143:36:143:56":31}}}
,"/Users/michaelcorrigan/Code/photo_salon/apps/server/src/lib/context.ts": {"path":"/Users/michaelcorrigan/Code/photo_salon/apps/server/src/lib/context.ts","statementMap":{"0":{"start":{"line":27,"column":22},"end":{"line":27,"column":42}},"1":{"start":{"line":30,"column":4},"end":{"line":30,"column":null}},"2":{"start":{"line":34,"column":4},"end":{"line":34,"column":null}},"3":{"start":{"line":38,"column":4},"end":{"line":38,"column":null}},"4":{"start":{"line":42,"column":4},"end":{"line":42,"column":null}},"5":{"start":{"line":46,"column":4},"end":{"line":50,"column":null}},"6":{"start":{"line":55,"column":2},"end":{"line":59,"column":null}},"7":{"start":{"line":63,"column":17},"end":{"line":63,"column":null}},"8":{"start":{"line":64,"column":2},"end":{"line":66,"column":null}}},"fnMap":{"0":{"name":"(anonymous_0)","decl":{"start":{"line":27,"column":2},"end":{"line":27,"column":22}},"loc":{"start":{"line":27,"column":42},"end":{"line":27,"column":null}},"line":27},"1":{"name":"(anonymous_1)","decl":{"start":{"line":29,"column":9},"end":{"line":29,"column":24}},"loc":{"start":{"line":29,"column":50},"end":{"line":31,"column":null}},"line":29},"2":{"name":"(anonymous_2)","decl":{"start":{"line":33,"column":9},"end":{"line":33,"column":15}},"loc":{"start":{"line":33,"column":52},"end":{"line":35,"column":null}},"line":33},"3":{"name":"(anonymous_3)","decl":{"start":{"line":37,"column":9},"end":{"line":37,"column":14}},"loc":{"start":{"line":37,"column":51},"end":{"line":39,"column":null}},"line":37},"4":{"name":"(anonymous_4)","decl":{"start":{"line":41,"column":9},"end":{"line":41,"column":14}},"loc":{"start":{"line":41,"column":51},"end":{"line":43,"column":null}},"line":41},"5":{"name":"(anonymous_5)","decl":{"start":{"line":45,"column":9},"end":{"line":45,"column":15}},"loc":{"start":{"line":45,"column":60},"end":{"line":51,"column":null}},"line":45},"6":{"name":"createUserContext","decl":{"start":{"line":54,"column":16},"end":{"line":54,"column":34}},"loc":{"start":{"line":54,"column":84},"end":{"line":60,"column":null}},"line":54},"7":{"name":"createEventContext","decl":{"start":{"line":62,"column":16},"end":{"line":62,"column":51}},"loc":{"start":{"line":62,"column":51},"end":{"line":67,"column":null}},"line":62}},"branchMap":{"0":{"loc":{"start":{"line":34,"column":36},"end":{"line":34,"column":71}},"type":"binary-expr","locations":[{"start":{"line":34,"column":36},"end":{"line":34,"column":66}},{"start":{"line":34,"column":66},"end":{"line":34,"column":71}}],"line":34},"1":{"loc":{"start":{"line":38,"column":35},"end":{"line":38,"column":70}},"type":"binary-expr","locations":[{"start":{"line":38,"column":35},"end":{"line":38,"column":65}},{"start":{"line":38,"column":65},"end":{"line":38,"column":70}}],"line":38},"2":{"loc":{"start":{"line":42,"column":35},"end":{"line":42,"column":70}},"type":"binary-expr","locations":[{"start":{"line":42,"column":35},"end":{"line":42,"column":65}},{"start":{"line":42,"column":65},"end":{"line":42,"column":70}}],"line":42},"3":{"loc":{"start":{"line":47,"column":16},"end":{"line":47,"column":51}},"type":"binary-expr","locations":[{"start":{"line":47,"column":16},"end":{"line":47,"column":46}},{"start":{"line":47,"column":46},"end":{"line":47,"column":51}}],"line":47},"4":{"loc":{"start":{"line":48,"column":6},"end":{"line":48,"column":null}},"type":"cond-expr","locations":[{"start":{"line":48,"column":33},"end":{"line":48,"column":51}},{"start":{"line":48,"column":51},"end":{"line":48,"column":null}}],"line":48},"5":{"loc":{"start":{"line":58,"column":19},"end":{"line":58,"column":null}},"type":"binary-expr","locations":[{"start":{"line":58,"column":19},"end":{"line":58,"column":38}},{"start":{"line":58,"column":38},"end":{"line":58,"column":null}}],"line":58}},"s":{"0":0,"1":0,"2":0,"3":0,"4":0,"5":0,"6":0,"7":0,"8":0},"f":{"0":0,"1":0,"2":0,"3":0,"4":0,"5":0,"6":0,"7":0},"b":{"0":[0,0],"1":[0,0],"2":[0,0],"3":[0,0],"4":[0,0],"5":[0,0]},"meta":{"lastBranch":6,"lastFunction":8,"lastStatement":9,"seen":{"f:27:2:27:22":0,"s:27:22:27:42":0,"f:29:9:29:24":1,"s:30:4:30:Infinity":1,"f:33:9:33:15":2,"s:34:4:34:Infinity":2,"b:34:36:34:66:34:66:34:71":0,"f:37:9:37:14":3,"s:38:4:38:Infinity":3,"b:38:35:38:65:38:65:38:70":1,"f:41:9:41:14":4,"s:42:4:42:Infinity":4,"b:42:35:42:65:42:65:42:70":2,"f:45:9:45:15":5,"s:46:4:50:Infinity":5,"b:47:16:47:46:47:46:47:51":3,"b:48:33:48:51:48:51:48:Infinity":4,"f:54:16:54:34":6,"s:55:2:59:Infinity":6,"b:58:19:58:38:58:38:58:Infinity":5,"f:62:16:62:51":7,"s:63:17:63:Infinity":7,"s:64:2:66:Infinity":8}}}
,"/Users/michaelcorrigan/Code/photo_salon/apps/server/src/lib/di-container.ts": {"path":"/Users/michaelcorrigan/Code/photo_salon/apps/server/src/lib/di-container.ts","statementMap":{"0":{"start":{"line":3,"column":18},"end":{"line":5,"column":null}}},"fnMap":{},"branchMap":{},"s":{"0":0},"f":{},"b":{},"meta":{"lastBranch":0,"lastFunction":0,"lastStatement":1,"seen":{"s:3:18:5:Infinity":0}}}
,"/Users/michaelcorrigan/Code/photo_salon/apps/server/src/lib/di.ts": {"path":"/Users/michaelcorrigan/Code/photo_salon/apps/server/src/lib/di.ts","statementMap":{"0":{"start":{"line":11,"column":0},"end":{"line":13,"column":null}},"1":{"start":{"line":12,"column":2},"end":{"line":12,"column":null}},"2":{"start":{"line":15,"column":0},"end":{"line":15,"column":null}},"3":{"start":{"line":17,"column":0},"end":{"line":19,"column":null}},"4":{"start":{"line":18,"column":2},"end":{"line":18,"column":null}},"5":{"start":{"line":21,"column":0},"end":{"line":21,"column":null}}},"fnMap":{"0":{"name":"(anonymous_0)","decl":{"start":{"line":11,"column":33},"end":{"line":11,"column":39}},"loc":{"start":{"line":11,"column":39},"end":{"line":13,"column":1}},"line":11},"1":{"name":"(anonymous_1)","decl":{"start":{"line":17,"column":39},"end":{"line":17,"column":45}},"loc":{"start":{"line":17,"column":45},"end":{"line":19,"column":1}},"line":17}},"branchMap":{},"s":{"0":0,"1":0,"2":0,"3":0,"4":0,"5":0},"f":{"0":0,"1":0},"b":{},"meta":{"lastBranch":0,"lastFunction":2,"lastStatement":6,"seen":{"s:11:0:13:Infinity":0,"f:11:33:11:39":0,"s:12:2:12:Infinity":1,"s:15:0:15:Infinity":2,"s:17:0:19:Infinity":3,"f:17:39:17:45":1,"s:18:2:18:Infinity":4,"s:21:0:21:Infinity":5}}}
,"/Users/michaelcorrigan/Code/photo_salon/apps/server/src/lib/notification-bus.ts": {"path":"/Users/michaelcorrigan/Code/photo_salon/apps/server/src/lib/notification-bus.ts","statementMap":{"0":{"start":{"line":3,"column":27},"end":{"line":10,"column":null}},"1":{"start":{"line":17,"column":22},"end":{"line":17,"column":null}},"2":{"start":{"line":20,"column":21},"end":{"line":20,"column":null}},"3":{"start":{"line":21,"column":4},"end":{"line":25,"column":null}},"4":{"start":{"line":22,"column":6},"end":{"line":24,"column":null}},"5":{"start":{"line":23,"column":9},"end":{"line":23,"column":null}},"6":{"start":{"line":26,"column":4},"end":{"line":26,"column":null}},"7":{"start":{"line":30,"column":4},"end":{"line":32,"column":null}},"8":{"start":{"line":31,"column":6},"end":{"line":31,"column":null}},"9":{"start":{"line":33,"column":4},"end":{"line":33,"column":null}},"10":{"start":{"line":34,"column":4},"end":{"line":36,"column":null}},"11":{"start":{"line":35,"column":6},"end":{"line":35,"column":null}},"12":{"start":{"line":40,"column":31},"end":{"line":40,"column":null}}},"fnMap":{"0":{"name":"(anonymous_0)","decl":{"start":{"line":19,"column":2},"end":{"line":19,"column":36}},"loc":{"start":{"line":19,"column":87},"end":{"line":27,"column":null}},"line":19},"1":{"name":"(anonymous_1)","decl":{"start":{"line":29,"column":2},"end":{"line":29,"column":38}},"loc":{"start":{"line":29,"column":83},"end":{"line":37,"column":null}},"line":29},"2":{"name":"(anonymous_2)","decl":{"start":{"line":34,"column":11},"end":{"line":34,"column":17}},"loc":{"start":{"line":34,"column":17},"end":{"line":36,"column":null}},"line":34}},"branchMap":{"0":{"loc":{"start":{"line":21,"column":4},"end":{"line":25,"column":null}},"type":"if","locations":[{"start":{"line":21,"column":4},"end":{"line":25,"column":null}},{"start":{},"end":{}}],"line":21},"1":{"loc":{"start":{"line":30,"column":4},"end":{"line":32,"column":null}},"type":"if","locations":[{"start":{"line":30,"column":4},"end":{"line":32,"column":null}},{"start":{},"end":{}}],"line":30}},"s":{"0":0,"1":0,"2":0,"3":0,"4":0,"5":0,"6":0,"7":0,"8":0,"9":0,"10":0,"11":0,"12":0},"f":{"0":0,"1":0,"2":0},"b":{"0":[0,0],"1":[0,0]},"meta":{"lastBranch":2,"lastFunction":3,"lastStatement":13,"seen":{"s:3:27:10:Infinity":0,"s:17:22:17:Infinity":1,"f:19:2:19:36":0,"s:20:21:20:Infinity":2,"b:21:4:25:Infinity:undefined:undefined:undefined:undefined":0,"s:21:4:25:Infinity":3,"s:22:6:24:Infinity":4,"s:23:9:23:Infinity":5,"s:26:4:26:Infinity":6,"f:29:2:29:38":1,"b:30:4:32:Infinity:undefined:undefined:undefined:undefined":1,"s:30:4:32:Infinity":7,"s:31:6:31:Infinity":8,"s:33:4:33:Infinity":9,"s:34:4:36:Infinity":10,"f:34:11:34:17":2,"s:35:6:35:Infinity":11,"s:40:31:40:Infinity":12}}}
,"/Users/michaelcorrigan/Code/photo_salon/apps/server/src/lib/symbols.ts": {"path":"/Users/michaelcorrigan/Code/photo_salon/apps/server/src/lib/symbols.ts","statementMap":{"0":{"start":{"line":5,"column":24},"end":{"line":5,"column":null}},"1":{"start":{"line":6,"column":28},"end":{"line":6,"column":null}},"2":{"start":{"line":7,"column":26},"end":{"line":7,"column":null}},"3":{"start":{"line":8,"column":30},"end":{"line":8,"column":null}}},"fnMap":{},"branchMap":{},"s":{"0":1,"1":1,"2":1,"3":1},"f":{},"b":{},"meta":{"lastBranch":0,"lastFunction":0,"lastStatement":4,"seen":{"s:5:24:5:Infinity":0,"s:6:28:6:Infinity":1,"s:7:26:7:Infinity":2,"s:8:30:8:Infinity":3}}}
,"/Users/michaelcorrigan/Code/photo_salon/apps/server/src/routes/base.ts": {"path":"/Users/michaelcorrigan/Code/photo_salon/apps/server/src/routes/base.ts","statementMap":{"0":{"start":{"line":7,"column":6},"end":{"line":7,"column":null}},"1":{"start":{"line":8,"column":20},"end":{"line":8,"column":null}},"2":{"start":{"line":10,"column":32},"end":{"line":28,"column":null}},"3":{"start":{"line":11,"column":15},"end":{"line":11,"column":null}},"4":{"start":{"line":12,"column":22},"end":{"line":12,"column":null}},"5":{"start":{"line":14,"column":2},"end":{"line":19,"column":null}},"6":{"start":{"line":21,"column":2},"end":{"line":27,"column":null}},"7":{"start":{"line":30,"column":29},"end":{"line":35,"column":null}},"8":{"start":{"line":31,"column":2},"end":{"line":33,"column":null}},"9":{"start":{"line":32,"column":4},"end":{"line":32,"column":null}},"10":{"start":{"line":34,"column":2},"end":{"line":34,"column":null}},"11":{"start":{"line":37,"column":24},"end":{"line":42,"column":null}},"12":{"start":{"line":38,"column":2},"end":{"line":40,"column":null}},"13":{"start":{"line":39,"column":4},"end":{"line":39,"column":null}},"14":{"start":{"line":41,"column":2},"end":{"line":41,"column":null}},"15":{"start":{"line":44,"column":27},"end":{"line":44,"column":null}},"16":{"start":{"line":45,"column":34},"end":{"line":45,"column":null}},"17":{"start":{"line":46,"column":31},"end":{"line":46,"column":null}},"18":{"start":{"line":47,"column":26},"end":{"line":47,"column":null}}},"fnMap":{"0":{"name":"(anonymous_0)","decl":{"start":{"line":10,"column":48},"end":{"line":10,"column":55}},"loc":{"start":{"line":10,"column":77},"end":{"line":28,"column":1}},"line":10},"1":{"name":"(anonymous_1)","decl":{"start":{"line":30,"column":45},"end":{"line":30,"column":52}},"loc":{"start":{"line":30,"column":74},"end":{"line":35,"column":1}},"line":30},"2":{"name":"(anonymous_2)","decl":{"start":{"line":37,"column":40},"end":{"line":37,"column":47}},"loc":{"start":{"line":37,"column":69},"end":{"line":42,"column":1}},"line":37}},"branchMap":{"0":{"loc":{"start":{"line":18,"column":19},"end":{"line":18,"column":null}},"type":"binary-expr","locations":[{"start":{"line":18,"column":19},"end":{"line":18,"column":44}},{"start":{"line":18,"column":44},"end":{"line":18,"column":null}}],"line":18},"1":{"loc":{"start":{"line":25,"column":21},"end":{"line":25,"column":null}},"type":"binary-expr","locations":[{"start":{"line":25,"column":21},"end":{"line":25,"column":46}},{"start":{"line":25,"column":46},"end":{"line":25,"column":null}}],"line":25},"2":{"loc":{"start":{"line":31,"column":2},"end":{"line":33,"column":null}},"type":"if","locations":[{"start":{"line":31,"column":2},"end":{"line":33,"column":null}},{"start":{},"end":{}}],"line":31},"3":{"loc":{"start":{"line":38,"column":2},"end":{"line":40,"column":null}},"type":"if","locations":[{"start":{"line":38,"column":2},"end":{"line":40,"column":null}},{"start":{},"end":{}}],"line":38}},"s":{"0":0,"1":0,"2":0,"3":0,"4":0,"5":0,"6":0,"7":0,"8":0,"9":0,"10":0,"11":0,"12":0,"13":0,"14":0,"15":0,"16":0,"17":0,"18":0},"f":{"0":0,"1":0,"2":0},"b":{"0":[0,0],"1":[0,0],"2":[0,0],"3":[0,0]},"meta":{"lastBranch":4,"lastFunction":3,"lastStatement":19,"seen":{"s:7:6:7:Infinity":0,"s:8:20:8:Infinity":1,"s:10:32:28:Infinity":2,"f:10:48:10:55":0,"s:11:15:11:Infinity":3,"s:12:22:12:Infinity":4,"s:14:2:19:Infinity":5,"b:18:19:18:44:18:44:18:Infinity":0,"s:21:2:27:Infinity":6,"b:25:21:25:46:25:46:25:Infinity":1,"s:30:29:35:Infinity":7,"f:30:45:30:52":1,"b:31:2:33:Infinity:undefined:undefined:undefined:undefined":2,"s:31:2:33:Infinity":8,"s:32:4:32:Infinity":9,"s:34:2:34:Infinity":10,"s:37:24:42:Infinity":11,"f:37:40:37:47":2,"b:38:2:40:Infinity:undefined:undefined:undefined:undefined":3,"s:38:2:40:Infinity":12,"s:39:4:39:Infinity":13,"s:41:2:41:Infinity":14,"s:44:27:44:Infinity":15,"s:45:34:45:Infinity":16,"s:46:31:46:Infinity":17,"s:47:26:47:Infinity":18}}}
,"/Users/michaelcorrigan/Code/photo_salon/apps/server/src/routes/index.ts": {"path":"/Users/michaelcorrigan/Code/photo_salon/apps/server/src/routes/index.ts","statementMap":{"0":{"start":{"line":7,"column":16},"end":{"line":15,"column":null}},"1":{"start":{"line":8,"column":13},"end":{"line":8,"column":null}},"2":{"start":{"line":9,"column":2},"end":{"line":14,"column":null}},"3":{"start":{"line":10,"column":4},"end":{"line":10,"column":null}},"4":{"start":{"line":11,"column":4},"end":{"line":11,"column":null}},"5":{"start":{"line":13,"column":4},"end":{"line":13,"column":null}},"6":{"start":{"line":17,"column":20},"end":{"line":19,"column":null}},"7":{"start":{"line":18,"column":2},"end":{"line":18,"column":null}},"8":{"start":{"line":21,"column":20},"end":{"line":23,"column":null}},"9":{"start":{"line":22,"column":2},"end":{"line":22,"column":null}},"10":{"start":{"line":25,"column":18},"end":{"line":27,"column":null}},"11":{"start":{"line":26,"column":2},"end":{"line":26,"column":null}},"12":{"start":{"line":29,"column":21},"end":{"line":31,"column":null}},"13":{"start":{"line":30,"column":2},"end":{"line":30,"column":null}},"14":{"start":{"line":33,"column":21},"end":{"line":35,"column":null}},"15":{"start":{"line":34,"column":2},"end":{"line":34,"column":null}},"16":{"start":{"line":37,"column":36},"end":{"line":48,"column":null}}},"fnMap":{"0":{"name":"(anonymous_0)","decl":{"start":{"line":7,"column":37},"end":{"line":7,"column":49}},"loc":{"start":{"line":7,"column":49},"end":{"line":15,"column":1}},"line":7},"1":{"name":"(anonymous_1)","decl":{"start":{"line":17,"column":62},"end":{"line":17,"column":69}},"loc":{"start":{"line":17,"column":85},"end":{"line":19,"column":1}},"line":17},"2":{"name":"(anonymous_2)","decl":{"start":{"line":21,"column":56},"end":{"line":21,"column":63}},"loc":{"start":{"line":21,"column":79},"end":{"line":23,"column":1}},"line":21},"3":{"name":"(anonymous_3)","decl":{"start":{"line":25,"column":53},"end":{"line":25,"column":60}},"loc":{"start":{"line":25,"column":83},"end":{"line":27,"column":1}},"line":25},"4":{"name":"(anonymous_4)","decl":{"start":{"line":29,"column":59},"end":{"line":29,"column":66}},"loc":{"start":{"line":29,"column":89},"end":{"line":31,"column":1}},"line":29},"5":{"name":"(anonymous_5)","decl":{"start":{"line":33,"column":59},"end":{"line":33,"column":66}},"loc":{"start":{"line":33,"column":89},"end":{"line":35,"column":1}},"line":33}},"branchMap":{},"s":{"0":0,"1":0,"2":0,"3":0,"4":0,"5":0,"6":0,"7":0,"8":0,"9":0,"10":0,"11":0,"12":0,"13":0,"14":0,"15":0,"16":0},"f":{"0":0,"1":0,"2":0,"3":0,"4":0,"5":0},"b":{},"meta":{"lastBranch":0,"lastFunction":6,"lastStatement":17,"seen":{"s:7:16:15:Infinity":0,"f:7:37:7:49":0,"s:8:13:8:Infinity":1,"s:9:2:14:Infinity":2,"s:10:4:10:Infinity":3,"s:11:4:11:Infinity":4,"s:13:4:13:Infinity":5,"s:17:20:19:Infinity":6,"f:17:62:17:69":1,"s:18:2:18:Infinity":7,"s:21:20:23:Infinity":8,"f:21:56:21:63":2,"s:22:2:22:Infinity":9,"s:25:18:27:Infinity":10,"f:25:53:25:60":3,"s:26:2:26:Infinity":11,"s:29:21:31:Infinity":12,"f:29:59:29:66":4,"s:30:2:30:Infinity":13,"s:33:21:35:Infinity":14,"f:33:59:33:66":5,"s:34:2:34:Infinity":15,"s:37:36:48:Infinity":16}}}
,"/Users/michaelcorrigan/Code/photo_salon/apps/server/src/test/pglite-db.ts": {"path":"/Users/michaelcorrigan/Code/photo_salon/apps/server/src/test/pglite-db.ts","statementMap":{"0":{"start":{"line":9,"column":6},"end":{"line":11,"column":null}},"1":{"start":{"line":19,"column":17},"end":{"line":19,"column":null}},"2":{"start":{"line":21,"column":8},"end":{"line":23,"column":null}},"3":{"start":{"line":22,"column":19},"end":{"line":22,"column":37}},"4":{"start":{"line":25,"column":2},"end":{"line":28,"column":null}},"5":{"start":{"line":26,"column":10},"end":{"line":26,"column":null}},"6":{"start":{"line":27,"column":4},"end":{"line":27,"column":null}},"7":{"start":{"line":31,"column":8},"end":{"line":31,"column":null}},"8":{"start":{"line":33,"column":2},"end":{"line":38,"column":null}},"9":{"start":{"line":36,"column":6},"end":{"line":36,"column":null}}},"fnMap":{"0":{"name":"createPgliteDb","decl":{"start":{"line":18,"column":22},"end":{"line":18,"column":62}},"loc":{"start":{"line":18,"column":62},"end":{"line":39,"column":null}},"line":18},"1":{"name":"(anonymous_1)","decl":{"start":{"line":22,"column":12},"end":{"line":22,"column":13}},"loc":{"start":{"line":22,"column":19},"end":{"line":22,"column":37}},"line":22},"2":{"name":"(anonymous_2)","decl":{"start":{"line":35,"column":13},"end":{"line":35,"column":25}},"loc":{"start":{"line":35,"column":25},"end":{"line":37,"column":null}},"line":35}},"branchMap":{},"s":{"0":1,"1":1,"2":1,"3":2,"4":1,"5":1,"6":1,"7":1,"8":1,"9":1},"f":{"0":1,"1":2,"2":1},"b":{},"meta":{"lastBranch":0,"lastFunction":3,"lastStatement":10,"seen":{"s:9:6:11:Infinity":0,"f:18:22:18:62":0,"s:19:17:19:Infinity":1,"s:21:8:23:Infinity":2,"f:22:12:22:13":1,"s:22:19:22:37":3,"s:25:2:28:Infinity":4,"s:26:10:26:Infinity":5,"s:27:4:27:Infinity":6,"s:31:8:31:Infinity":7,"s:33:2:38:Infinity":8,"f:35:13:35:25":2,"s:36:6:36:Infinity":9}}}
}
